[Wed Mar 01 12:06:14.940047 2023] [ssl:warn] [pid 15320:tid 364] AH01909: www.example.com:443:0 server certificate does NOT include an ID which matches the server name
[Wed Mar 01 12:06:14.972047 2023] [ssl:warn] [pid 15320:tid 364] AH01909: www.example.com:443:0 server certificate does NOT include an ID which matches the server name
[Wed Mar 01 12:06:16.124091 2023] [mpm_winnt:notice] [pid 15320:tid 364] AH00455: Apache/2.4.54 (Win64) OpenSSL/1.1.1p PHP/8.2.0 configured -- resuming normal operations
[Wed Mar 01 12:06:16.124091 2023] [mpm_winnt:notice] [pid 15320:tid 364] AH00456: Apache Lounge VS16 Server built: Jun 22 2022 09:58:15
[Wed Mar 01 12:06:16.124091 2023] [core:notice] [pid 15320:tid 364] AH00094: Command line: 'c:\\users\\jorge\\documents\\uni\\sw\\xampp\\apache\\bin\\httpd.exe -d C:/Users/jorge/Documents/Uni/SW/xampp/apache'
[Wed Mar 01 12:06:16.124091 2023] [mpm_winnt:notice] [pid 15320:tid 364] AH00418: Parent: Created child process 15592
[Wed Mar 01 12:06:16.420043 2023] [ssl:warn] [pid 15592:tid 360] AH01909: www.example.com:443:0 server certificate does NOT include an ID which matches the server name
[Wed Mar 01 12:06:16.452044 2023] [ssl:warn] [pid 15592:tid 360] AH01909: www.example.com:443:0 server certificate does NOT include an ID which matches the server name
[Wed Mar 01 12:06:16.484046 2023] [mpm_winnt:notice] [pid 15592:tid 360] AH00354: Child: Starting 150 worker threads.
[Wed Mar 01 12:08:54.570075 2023] [ssl:warn] [pid 9580:tid 368] AH01909: www.example.com:443:0 server certificate does NOT include an ID which matches the server name
[Wed Mar 01 12:08:54.602069 2023] [core:warn] [pid 9580:tid 368] AH00098: pid file C:/Users/jorge/Documents/Uni/SW/xampp/apache/logs/httpd.pid overwritten -- Unclean shutdown of previous Apache run?
[Wed Mar 01 12:08:54.610068 2023] [ssl:warn] [pid 9580:tid 368] AH01909: www.example.com:443:0 server certificate does NOT include an ID which matches the server name
[Wed Mar 01 12:08:54.634136 2023] [mpm_winnt:notice] [pid 9580:tid 368] AH00455: Apache/2.4.54 (Win64) OpenSSL/1.1.1p PHP/8.2.0 configured -- resuming normal operations
[Wed Mar 01 12:08:54.634136 2023] [mpm_winnt:notice] [pid 9580:tid 368] AH00456: Apache Lounge VS16 Server built: Jun 22 2022 09:58:15
[Wed Mar 01 12:08:54.634136 2023] [core:notice] [pid 9580:tid 368] AH00094: Command line: 'apache\\bin\\httpd.exe -d C:/Users/jorge/Documents/Uni/SW/xampp/apache'
[Wed Mar 01 12:08:54.642142 2023] [mpm_winnt:notice] [pid 9580:tid 368] AH00418: Parent: Created child process 12752
[Wed Mar 01 12:08:54.858067 2023] [ssl:warn] [pid 12752:tid 336] AH01909: www.example.com:443:0 server certificate does NOT include an ID which matches the server name
[Wed Mar 01 12:08:54.890067 2023] [ssl:warn] [pid 12752:tid 336] AH01909: www.example.com:443:0 server certificate does NOT include an ID which matches the server name
[Wed Mar 01 12:08:54.922068 2023] [mpm_winnt:notice] [pid 12752:tid 336] AH00354: Child: Starting 150 worker threads.
[Wed Mar 01 12:28:25.616343 2023] [php:error] [pid 12752:tid 1872] [client ::1:58320] script 'C:/Users/jorge/Documents/Uni/SW/xampp/htdocs/saludos.php' not found or unable to stat, referer: http://localhost/index.html
[Wed Mar 01 12:52:37.901646 2023] [php:error] [pid 12752:tid 1872] [client ::1:58599] script 'C:/Users/jorge/Documents/Uni/SW/xampp/htdocs/saludos.php' not found or unable to stat, referer: http://localhost/index.html
[Wed Mar 01 12:55:43.372006 2023] [php:error] [pid 12752:tid 1872] [client ::1:58632] PHP Fatal error:  Uncaught TypeError: Unsupported operand types: int + string in C:\\Users\\jorge\\Documents\\Uni\\SW\\xampp\\htdocs\\saludos.php:10\nStack trace:\n#0 C:\\Users\\jorge\\Documents\\Uni\\SW\\xampp\\htdocs\\saludos.php(16): mostrarSaludos(10)\n#1 {main}\n  thrown in C:\\Users\\jorge\\Documents\\Uni\\SW\\xampp\\htdocs\\saludos.php on line 10, referer: http://localhost/index.html
[Wed Mar 01 12:55:46.848087 2023] [php:error] [pid 12752:tid 1872] [client ::1:58632] PHP Fatal error:  Uncaught TypeError: Unsupported operand types: int + string in C:\\Users\\jorge\\Documents\\Uni\\SW\\xampp\\htdocs\\saludos.php:10\nStack trace:\n#0 C:\\Users\\jorge\\Documents\\Uni\\SW\\xampp\\htdocs\\saludos.php(16): mostrarSaludos(10)\n#1 {main}\n  thrown in C:\\Users\\jorge\\Documents\\Uni\\SW\\xampp\\htdocs\\saludos.php on line 10, referer: http://localhost/index.html
[Wed Mar 01 12:56:11.767646 2023] [php:error] [pid 12752:tid 1880] [client ::1:58633] PHP Parse error:  syntax error, unexpected double-quoted string " - Hola mundo! <br>", expecting "," or ";" in C:\\Users\\jorge\\Documents\\Uni\\SW\\xampp\\htdocs\\saludos.php on line 10, referer: http://localhost/index.html
[Wed Mar 01 12:58:52.834390 2023] [php:warn] [pid 12752:tid 1880] [client ::1:58664] PHP Warning:  Undefined variable $cantidad in C:\\Users\\jorge\\Documents\\Uni\\SW\\xampp\\htdocs\\saludos.php on line 17, referer: http://localhost/index.html
[Wed Mar 01 12:58:52.834390 2023] [php:warn] [pid 12752:tid 1880] [client ::1:58664] PHP Warning:  Undefined variable $cantidad in C:\\Users\\jorge\\Documents\\Uni\\SW\\xampp\\htdocs\\saludos.php on line 20, referer: http://localhost/index.html
[Wed Mar 01 12:58:52.834390 2023] [php:warn] [pid 12752:tid 1880] [client ::1:58664] PHP Warning:  Undefined variable $cantidad in C:\\Users\\jorge\\Documents\\Uni\\SW\\xampp\\htdocs\\saludos.php on line 23, referer: http://localhost/index.html
[Wed Mar 01 12:58:52.834390 2023] [php:warn] [pid 12752:tid 1880] [client ::1:58664] PHP Warning:  Undefined variable $cantidad in C:\\Users\\jorge\\Documents\\Uni\\SW\\xampp\\htdocs\\saludos.php on line 26, referer: http://localhost/index.html
[Wed Mar 01 12:59:21.033197 2023] [php:warn] [pid 12752:tid 1872] [client ::1:58665] PHP Warning:  Undefined variable $cantidad in C:\\Users\\jorge\\Documents\\Uni\\SW\\xampp\\htdocs\\saludos.php on line 17, referer: http://localhost/index.html
[Wed Mar 01 12:59:21.033197 2023] [php:warn] [pid 12752:tid 1872] [client ::1:58665] PHP Warning:  Undefined variable $cantidad in C:\\Users\\jorge\\Documents\\Uni\\SW\\xampp\\htdocs\\saludos.php on line 20, referer: http://localhost/index.html
[Wed Mar 01 12:59:21.033197 2023] [php:warn] [pid 12752:tid 1872] [client ::1:58665] PHP Warning:  Undefined variable $cantidad in C:\\Users\\jorge\\Documents\\Uni\\SW\\xampp\\htdocs\\saludos.php on line 23, referer: http://localhost/index.html
[Wed Mar 01 12:59:21.033197 2023] [php:warn] [pid 12752:tid 1872] [client ::1:58665] PHP Warning:  Undefined variable $cantidad in C:\\Users\\jorge\\Documents\\Uni\\SW\\xampp\\htdocs\\saludos.php on line 26, referer: http://localhost/index.html
[Wed Mar 01 12:59:23.627028 2023] [php:warn] [pid 12752:tid 1872] [client ::1:58665] PHP Warning:  Undefined variable $cantidad in C:\\Users\\jorge\\Documents\\Uni\\SW\\xampp\\htdocs\\saludos.php on line 17, referer: http://localhost/index.html
[Wed Mar 01 12:59:23.627028 2023] [php:warn] [pid 12752:tid 1872] [client ::1:58665] PHP Warning:  Undefined variable $cantidad in C:\\Users\\jorge\\Documents\\Uni\\SW\\xampp\\htdocs\\saludos.php on line 20, referer: http://localhost/index.html
[Wed Mar 01 12:59:23.627028 2023] [php:warn] [pid 12752:tid 1872] [client ::1:58665] PHP Warning:  Undefined variable $cantidad in C:\\Users\\jorge\\Documents\\Uni\\SW\\xampp\\htdocs\\saludos.php on line 23, referer: http://localhost/index.html
[Wed Mar 01 12:59:23.627028 2023] [php:warn] [pid 12752:tid 1872] [client ::1:58665] PHP Warning:  Undefined variable $cantidad in C:\\Users\\jorge\\Documents\\Uni\\SW\\xampp\\htdocs\\saludos.php on line 26, referer: http://localhost/index.html
[Wed Mar 01 13:05:01.006809 2023] [php:error] [pid 12752:tid 1880] [client ::1:58787] PHP Fatal error:  'break' not in the 'loop' or 'switch' context in C:\\Users\\jorge\\Documents\\Uni\\SW\\xampp\\htdocs\\saludos.php on line 15, referer: http://localhost/index.html
[Wed Mar 01 13:39:30.752666 2023] [php:notice] [pid 12752:tid 1872] [client ::1:59532] PHP Notice:  session_start(): Ignoring session_start() because a session is already active in C:\\Users\\jorge\\Documents\\Uni\\SW\\xampp\\htdocs\\contenido.php on line 2
[Wed Mar 01 13:39:31.561534 2023] [php:notice] [pid 12752:tid 1872] [client ::1:59532] PHP Notice:  session_start(): Ignoring session_start() because a session is already active in C:\\Users\\jorge\\Documents\\Uni\\SW\\xampp\\htdocs\\contenido.php on line 2
[Wed Mar 01 14:08:01.347531 2023] [php:error] [pid 12752:tid 1872] [client ::1:59818] script 'C:/Users/jorge/Documents/Uni/SW/xampp/htdocs/inedx.php' not found or unable to stat
[Wed Mar 01 14:08:03.070177 2023] [php:error] [pid 12752:tid 1872] [client ::1:59818] script 'C:/Users/jorge/Documents/Uni/SW/xampp/htdocs/inedx.php' not found or unable to stat
[Wed Mar 01 14:08:23.326455 2023] [php:warn] [pid 12752:tid 1872] [client ::1:59821] PHP Warning:  Undefined array key "username" in C:\\Users\\jorge\\Documents\\Uni\\SW\\xampp\\htdocs\\procesarLogin.php on line 4, referer: http://localhost/login.php
[Wed Mar 01 14:08:23.326455 2023] [php:warn] [pid 12752:tid 1872] [client ::1:59821] PHP Warning:  require(sidebarleft.php): Failed to open stream: No such file or directory in C:\\Users\\jorge\\Documents\\Uni\\SW\\xampp\\htdocs\\procesarLogin.php on line 29, referer: http://localhost/login.php
[Wed Mar 01 14:08:23.334396 2023] [php:error] [pid 12752:tid 1872] [client ::1:59821] PHP Fatal error:  Uncaught Error: Failed opening required 'sidebarleft.php' (include_path='C:\\Users\\jorge\\Documents\\Uni\\SW\\xampp\\php\\PEAR') in C:\\Users\\jorge\\Documents\\Uni\\SW\\xampp\\htdocs\\procesarLogin.php:29\nStack trace:\n#0 {main}\n  thrown in C:\\Users\\jorge\\Documents\\Uni\\SW\\xampp\\htdocs\\procesarLogin.php on line 29, referer: http://localhost/login.php
[Wed Mar 01 14:09:39.234873 2023] [php:warn] [pid 12752:tid 1872] [client ::1:59844] PHP Warning:  Undefined array key "username" in C:\\Users\\jorge\\Documents\\Uni\\SW\\xampp\\htdocs\\procesarLogin.php on line 4, referer: http://localhost/login.php
[Wed Mar 01 14:09:39.242878 2023] [php:warn] [pid 12752:tid 1872] [client ::1:59844] PHP Warning:  require(sidebarleft.php): Failed to open stream: No such file or directory in C:\\Users\\jorge\\Documents\\Uni\\SW\\xampp\\htdocs\\procesarLogin.php on line 34, referer: http://localhost/login.php
[Wed Mar 01 14:09:39.242878 2023] [php:error] [pid 12752:tid 1872] [client ::1:59844] PHP Fatal error:  Uncaught Error: Failed opening required 'sidebarleft.php' (include_path='C:\\Users\\jorge\\Documents\\Uni\\SW\\xampp\\php\\PEAR') in C:\\Users\\jorge\\Documents\\Uni\\SW\\xampp\\htdocs\\procesarLogin.php:34\nStack trace:\n#0 {main}\n  thrown in C:\\Users\\jorge\\Documents\\Uni\\SW\\xampp\\htdocs\\procesarLogin.php on line 34, referer: http://localhost/login.php
[Wed Mar 01 14:09:46.770611 2023] [php:warn] [pid 12752:tid 1880] [client ::1:59845] PHP Warning:  Undefined array key "username" in C:\\Users\\jorge\\Documents\\Uni\\SW\\xampp\\htdocs\\procesarLogin.php on line 4, referer: http://localhost/login.php
[Wed Mar 01 14:09:46.770611 2023] [php:warn] [pid 12752:tid 1880] [client ::1:59845] PHP Warning:  require(sidebarleft.php): Failed to open stream: No such file or directory in C:\\Users\\jorge\\Documents\\Uni\\SW\\xampp\\htdocs\\procesarLogin.php on line 34, referer: http://localhost/login.php
[Wed Mar 01 14:09:46.770611 2023] [php:error] [pid 12752:tid 1880] [client ::1:59845] PHP Fatal error:  Uncaught Error: Failed opening required 'sidebarleft.php' (include_path='C:\\Users\\jorge\\Documents\\Uni\\SW\\xampp\\php\\PEAR') in C:\\Users\\jorge\\Documents\\Uni\\SW\\xampp\\htdocs\\procesarLogin.php:34\nStack trace:\n#0 {main}\n  thrown in C:\\Users\\jorge\\Documents\\Uni\\SW\\xampp\\htdocs\\procesarLogin.php on line 34, referer: http://localhost/login.php
[Wed Mar 01 14:10:58.878240 2023] [php:warn] [pid 12752:tid 1880] [client ::1:59867] PHP Warning:  Undefined array key "username" in C:\\Users\\jorge\\Documents\\Uni\\SW\\xampp\\htdocs\\procesarLogin.php on line 4, referer: http://localhost/login.php
[Wed Mar 01 14:10:58.878240 2023] [php:warn] [pid 12752:tid 1880] [client ::1:59867] PHP Warning:  require(sidebarleft.php): Failed to open stream: No such file or directory in C:\\Users\\jorge\\Documents\\Uni\\SW\\xampp\\htdocs\\index.php on line 36, referer: http://localhost/login.php
[Wed Mar 01 14:10:58.878240 2023] [php:error] [pid 12752:tid 1880] [client ::1:59867] PHP Fatal error:  Uncaught Error: Failed opening required 'sidebarleft.php' (include_path='C:\\Users\\jorge\\Documents\\Uni\\SW\\xampp\\php\\PEAR') in C:\\Users\\jorge\\Documents\\Uni\\SW\\xampp\\htdocs\\index.php:36\nStack trace:\n#0 {main}\n  thrown in C:\\Users\\jorge\\Documents\\Uni\\SW\\xampp\\htdocs\\index.php on line 36, referer: http://localhost/login.php
[Wed Mar 01 14:12:06.073749 2023] [php:warn] [pid 12752:tid 1880] [client ::1:59886] PHP Warning:  Undefined array key "username" in C:\\Users\\jorge\\Documents\\Uni\\SW\\xampp\\htdocs\\procesarLogin.php on line 4, referer: http://localhost/login.php
[Wed Mar 01 14:13:28.163315 2023] [php:warn] [pid 12752:tid 1880] [client ::1:59935] PHP Warning:  Undefined array key "username" in C:\\Users\\jorge\\Documents\\Uni\\SW\\xampp\\htdocs\\procesarLogin.php on line 4, referer: http://localhost/login.php
[Wed Mar 01 14:14:28.697205 2023] [php:warn] [pid 12752:tid 1872] [client ::1:59955] PHP Warning:  Undefined array key "username" in C:\\Users\\jorge\\Documents\\Uni\\SW\\xampp\\htdocs\\procesarLogin.php on line 4, referer: http://localhost/login.php
[Wed Mar 01 14:14:52.134351 2023] [php:warn] [pid 12752:tid 1872] [client ::1:59964] PHP Warning:  Undefined array key "username" in C:\\Users\\jorge\\Documents\\Uni\\SW\\xampp\\htdocs\\procesarLogin.php on line 4, referer: http://localhost/login.php
[Wed Mar 01 14:15:11.382613 2023] [php:warn] [pid 12752:tid 1880] [client ::1:59965] PHP Warning:  Undefined array key "username" in C:\\Users\\jorge\\Documents\\Uni\\SW\\xampp\\htdocs\\procesarLogin.php on line 4, referer: http://localhost/login.php
[Wed Mar 01 14:15:16.714870 2023] [php:warn] [pid 12752:tid 1872] [client ::1:59967] PHP Warning:  Undefined array key "username" in C:\\Users\\jorge\\Documents\\Uni\\SW\\xampp\\htdocs\\procesarLogin.php on line 4, referer: http://localhost/login.php
[Wed Mar 01 14:15:17.595369 2023] [php:warn] [pid 12752:tid 1872] [client ::1:59967] PHP Warning:  Undefined array key "username" in C:\\Users\\jorge\\Documents\\Uni\\SW\\xampp\\htdocs\\procesarLogin.php on line 4, referer: http://localhost/login.php
[Wed Mar 01 14:16:46.324062 2023] [php:warn] [pid 12752:tid 1880] [client ::1:59974] PHP Warning:  Undefined array key "username" in C:\\Users\\jorge\\Documents\\Uni\\SW\\xampp\\htdocs\\procesarLogin.php on line 4, referer: http://localhost/login.php
[Wed Mar 01 14:16:46.324062 2023] [php:warn] [pid 12752:tid 1880] [client ::1:59974] PHP Warning:  Undefined array key "username" in C:\\Users\\jorge\\Documents\\Uni\\SW\\xampp\\htdocs\\procesarLogin.php on line 8, referer: http://localhost/login.php
[Thu Mar 02 09:26:45.067632 2023] [ssl:warn] [pid 1456:tid 336] AH01909: www.example.com:443:0 server certificate does NOT include an ID which matches the server name
[Thu Mar 02 09:26:45.098884 2023] [core:warn] [pid 1456:tid 336] AH00098: pid file C:/Users/jorge/Documents/Uni/SW/xampp/apache/logs/httpd.pid overwritten -- Unclean shutdown of previous Apache run?
[Thu Mar 02 09:26:45.098884 2023] [ssl:warn] [pid 1456:tid 336] AH01909: www.example.com:443:0 server certificate does NOT include an ID which matches the server name
[Thu Mar 02 09:26:45.256239 2023] [mpm_winnt:notice] [pid 1456:tid 336] AH00455: Apache/2.4.54 (Win64) OpenSSL/1.1.1p PHP/8.2.0 configured -- resuming normal operations
[Thu Mar 02 09:26:45.256239 2023] [mpm_winnt:notice] [pid 1456:tid 336] AH00456: Apache Lounge VS16 Server built: Jun 22 2022 09:58:15
[Thu Mar 02 09:26:45.256239 2023] [core:notice] [pid 1456:tid 336] AH00094: Command line: 'c:\\users\\jorge\\documents\\uni\\sw\\xampp\\apache\\bin\\httpd.exe -d C:/Users/jorge/Documents/Uni/SW/xampp/apache'
[Thu Mar 02 09:26:45.271867 2023] [mpm_winnt:notice] [pid 1456:tid 336] AH00418: Parent: Created child process 13436
[Thu Mar 02 09:26:45.476069 2023] [ssl:warn] [pid 13436:tid 336] AH01909: www.example.com:443:0 server certificate does NOT include an ID which matches the server name
[Thu Mar 02 09:26:45.507234 2023] [ssl:warn] [pid 13436:tid 336] AH01909: www.example.com:443:0 server certificate does NOT include an ID which matches the server name
[Thu Mar 02 09:26:45.538873 2023] [mpm_winnt:notice] [pid 13436:tid 336] AH00354: Child: Starting 150 worker threads.
[Thu Mar 02 09:27:16.142205 2023] [php:warn] [pid 13436:tid 1888] [client ::1:52817] PHP Warning:  Undefined array key "username" in C:\\Users\\jorge\\Documents\\Uni\\SW\\xampp\\htdocs\\procesarLogin.php on line 4, referer: http://localhost/login.php
[Thu Mar 02 09:27:16.142205 2023] [php:warn] [pid 13436:tid 1888] [client ::1:52817] PHP Warning:  Undefined array key "username" in C:\\Users\\jorge\\Documents\\Uni\\SW\\xampp\\htdocs\\procesarLogin.php on line 8, referer: http://localhost/login.php
[Thu Mar 02 09:27:24.799682 2023] [php:warn] [pid 13436:tid 1892] [client ::1:52821] PHP Warning:  Undefined array key "username" in C:\\Users\\jorge\\Documents\\Uni\\SW\\xampp\\htdocs\\procesarLogin.php on line 4, referer: http://localhost/login.php
[Thu Mar 02 09:27:24.799682 2023] [php:warn] [pid 13436:tid 1892] [client ::1:52821] PHP Warning:  Undefined array key "username" in C:\\Users\\jorge\\Documents\\Uni\\SW\\xampp\\htdocs\\procesarLogin.php on line 8, referer: http://localhost/login.php
[Thu Mar 02 09:28:25.363226 2023] [php:warn] [pid 13436:tid 1892] [client ::1:52830] PHP Warning:  Undefined array key "username" in C:\\Users\\jorge\\Documents\\Uni\\SW\\xampp\\htdocs\\procesarLogin.php on line 4, referer: http://localhost/login.php
[Thu Mar 02 09:35:43.044552 2023] [php:error] [pid 13436:tid 1888] [client ::1:52897] PHP Parse error:  syntax error, unexpected identifier "desconocido" in C:\\Users\\jorge\\Documents\\Uni\\SW\\xampp\\htdocs\\cabecera.php on line 7, referer: http://localhost/login.php
[Thu Mar 02 09:35:44.200594 2023] [php:error] [pid 13436:tid 1888] [client ::1:52897] PHP Parse error:  syntax error, unexpected identifier "desconocido" in C:\\Users\\jorge\\Documents\\Uni\\SW\\xampp\\htdocs\\cabecera.php on line 7, referer: http://localhost/login.php
[Thu Mar 02 09:36:12.680936 2023] [php:error] [pid 13436:tid 1892] [client ::1:52899] PHP Parse error:  syntax error, unexpected identifier "href", expecting "," or ";" in C:\\Users\\jorge\\Documents\\Uni\\SW\\xampp\\htdocs\\cabecera.php on line 7, referer: http://localhost/login.php
[Thu Mar 02 09:36:54.410564 2023] [php:error] [pid 13436:tid 1888] [client ::1:52901] PHP Parse error:  syntax error, unexpected single-quoted string "<a href=login.php>Login</a>", expecting "," or ";" in C:\\Users\\jorge\\Documents\\Uni\\SW\\xampp\\htdocs\\cabecera.php on line 7, referer: http://localhost/login.php
[Thu Mar 02 09:37:10.279075 2023] [php:error] [pid 13436:tid 1892] [client ::1:52904] PHP Parse error:  syntax error, unexpected token "/" in C:\\Users\\jorge\\Documents\\Uni\\SW\\xampp\\htdocs\\cabecera.php on line 7, referer: http://localhost/login.php
[Thu Mar 02 09:38:31.569928 2023] [ssl:warn] [pid 4004:tid 336] AH01909: www.example.com:443:0 server certificate does NOT include an ID which matches the server name
[Thu Mar 02 09:38:31.602728 2023] [core:warn] [pid 4004:tid 336] AH00098: pid file C:/Users/jorge/Documents/Uni/SW/xampp/apache/logs/httpd.pid overwritten -- Unclean shutdown of previous Apache run?
[Thu Mar 02 09:38:31.602728 2023] [ssl:warn] [pid 4004:tid 336] AH01909: www.example.com:443:0 server certificate does NOT include an ID which matches the server name
[Thu Mar 02 09:38:31.633693 2023] [mpm_winnt:notice] [pid 4004:tid 336] AH00455: Apache/2.4.54 (Win64) OpenSSL/1.1.1p PHP/8.2.0 configured -- resuming normal operations
[Thu Mar 02 09:38:31.633693 2023] [mpm_winnt:notice] [pid 4004:tid 336] AH00456: Apache Lounge VS16 Server built: Jun 22 2022 09:58:15
[Thu Mar 02 09:38:31.633693 2023] [core:notice] [pid 4004:tid 336] AH00094: Command line: 'c:\\users\\jorge\\documents\\uni\\sw\\xampp\\apache\\bin\\httpd.exe -d C:/Users/jorge/Documents/Uni/SW/xampp/apache'
[Thu Mar 02 09:38:31.633693 2023] [mpm_winnt:notice] [pid 4004:tid 336] AH00418: Parent: Created child process 22128
[Thu Mar 02 09:38:31.841636 2023] [ssl:warn] [pid 22128:tid 336] AH01909: www.example.com:443:0 server certificate does NOT include an ID which matches the server name
[Thu Mar 02 09:38:31.872887 2023] [ssl:warn] [pid 22128:tid 336] AH01909: www.example.com:443:0 server certificate does NOT include an ID which matches the server name
[Thu Mar 02 09:38:31.904668 2023] [mpm_winnt:notice] [pid 22128:tid 336] AH00354: Child: Starting 150 worker threads.
