[Thu Mar 02 14:39:56.427172 2023] [ssl:warn] [pid 2832:tid 364] AH01909: www.example.com:443:0 server certificate does NOT include an ID which matches the server name
[Thu Mar 02 14:39:56.474037 2023] [ssl:warn] [pid 2832:tid 364] AH01909: www.example.com:443:0 server certificate does NOT include an ID which matches the server name
[Thu Mar 02 14:39:56.755317 2023] [mpm_winnt:notice] [pid 2832:tid 364] AH00455: Apache/2.4.54 (Win64) OpenSSL/1.1.1p PHP/8.2.0 configured -- resuming normal operations
[Thu Mar 02 14:39:56.755317 2023] [mpm_winnt:notice] [pid 2832:tid 364] AH00456: Apache Lounge VS16 Server built: Jun 22 2022 09:58:15
[Thu Mar 02 14:39:56.755317 2023] [core:notice] [pid 2832:tid 364] AH00094: Command line: 'c:\\users\\jorge\\documents\\uni - 3ro\\sw\\xamppp\\apache\\bin\\httpd.exe -d C:/Users/jorge/Documents/Uni - 3ro/SW/xamppp/apache'
[Thu Mar 02 14:39:56.755317 2023] [mpm_winnt:notice] [pid 2832:tid 364] AH00418: Parent: Created child process 6996
[Thu Mar 02 14:39:57.114598 2023] [ssl:warn] [pid 6996:tid 360] AH01909: www.example.com:443:0 server certificate does NOT include an ID which matches the server name
[Thu Mar 02 14:39:57.161467 2023] [ssl:warn] [pid 6996:tid 360] AH01909: www.example.com:443:0 server certificate does NOT include an ID which matches the server name
[Thu Mar 02 14:39:57.192770 2023] [mpm_winnt:notice] [pid 6996:tid 360] AH00354: Child: Starting 150 worker threads.
[Thu Mar 02 15:09:50.393997 2023] [ssl:warn] [pid 6388:tid 368] AH01909: www.example.com:443:0 server certificate does NOT include an ID which matches the server name
[Thu Mar 02 15:09:50.430446 2023] [core:warn] [pid 6388:tid 368] AH00098: pid file C:/Users/jorge/Documents/Uni - 3ro/SW/xamppp/apache/logs/httpd.pid overwritten -- Unclean shutdown of previous Apache run?
[Thu Mar 02 15:09:50.432439 2023] [ssl:warn] [pid 6388:tid 368] AH01909: www.example.com:443:0 server certificate does NOT include an ID which matches the server name
[Thu Mar 02 15:09:50.570483 2023] [mpm_winnt:notice] [pid 6388:tid 368] AH00455: Apache/2.4.54 (Win64) OpenSSL/1.1.1p PHP/8.2.0 configured -- resuming normal operations
[Thu Mar 02 15:09:50.570483 2023] [mpm_winnt:notice] [pid 6388:tid 368] AH00456: Apache Lounge VS16 Server built: Jun 22 2022 09:58:15
[Thu Mar 02 15:09:50.570483 2023] [core:notice] [pid 6388:tid 368] AH00094: Command line: 'c:\\users\\jorge\\documents\\uni - 3ro\\sw\\xamppp\\apache\\bin\\httpd.exe -d C:/Users/jorge/Documents/Uni - 3ro/SW/xamppp/apache'
[Thu Mar 02 15:09:50.575897 2023] [mpm_winnt:notice] [pid 6388:tid 368] AH00418: Parent: Created child process 2072
[Thu Mar 02 15:09:50.914255 2023] [ssl:warn] [pid 2072:tid 364] AH01909: www.example.com:443:0 server certificate does NOT include an ID which matches the server name
[Thu Mar 02 15:09:50.948074 2023] [ssl:warn] [pid 2072:tid 364] AH01909: www.example.com:443:0 server certificate does NOT include an ID which matches the server name
[Thu Mar 02 15:09:50.982957 2023] [mpm_winnt:notice] [pid 2072:tid 364] AH00354: Child: Starting 150 worker threads.
[Thu Mar 09 10:00:29.093031 2023] [ssl:warn] [pid 11248:tid 336] AH01909: www.example.com:443:0 server certificate does NOT include an ID which matches the server name
[Thu Mar 09 10:00:29.139900 2023] [core:warn] [pid 11248:tid 336] AH00098: pid file C:/Users/jorge/Documents/Uni - 3ro/SW/xamppp/apache/logs/httpd.pid overwritten -- Unclean shutdown of previous Apache run?
[Thu Mar 09 10:00:29.139900 2023] [ssl:warn] [pid 11248:tid 336] AH01909: www.example.com:443:0 server certificate does NOT include an ID which matches the server name
[Thu Mar 09 10:00:29.311759 2023] [mpm_winnt:notice] [pid 11248:tid 336] AH00455: Apache/2.4.54 (Win64) OpenSSL/1.1.1p PHP/8.2.0 configured -- resuming normal operations
[Thu Mar 09 10:00:29.311759 2023] [mpm_winnt:notice] [pid 11248:tid 336] AH00456: Apache Lounge VS16 Server built: Jun 22 2022 09:58:15
[Thu Mar 09 10:00:29.311759 2023] [core:notice] [pid 11248:tid 336] AH00094: Command line: 'c:\\users\\jorge\\documents\\uni - 3ro\\sw\\xamppp\\apache\\bin\\httpd.exe -d C:/Users/jorge/Documents/Uni - 3ro/SW/xamppp/apache'
[Thu Mar 09 10:00:29.327375 2023] [mpm_winnt:notice] [pid 11248:tid 336] AH00418: Parent: Created child process 10772
[Thu Mar 09 10:00:29.577347 2023] [ssl:warn] [pid 10772:tid 336] AH01909: www.example.com:443:0 server certificate does NOT include an ID which matches the server name
[Thu Mar 09 10:00:29.624222 2023] [ssl:warn] [pid 10772:tid 336] AH01909: www.example.com:443:0 server certificate does NOT include an ID which matches the server name
[Thu Mar 09 10:00:29.655526 2023] [mpm_winnt:notice] [pid 10772:tid 336] AH00354: Child: Starting 150 worker threads.
[Thu Mar 09 10:22:08.255069 2023] [ssl:warn] [pid 17784:tid 336] AH01909: www.example.com:443:0 server certificate does NOT include an ID which matches the server name
[Thu Mar 09 10:22:08.295041 2023] [core:warn] [pid 17784:tid 336] AH00098: pid file C:/Users/jorge/Documents/Uni - 3ro/SW/xamppp/apache/logs/httpd.pid overwritten -- Unclean shutdown of previous Apache run?
[Thu Mar 09 10:22:08.295041 2023] [ssl:warn] [pid 17784:tid 336] AH01909: www.example.com:443:0 server certificate does NOT include an ID which matches the server name
[Thu Mar 09 10:22:08.443016 2023] [mpm_winnt:notice] [pid 17784:tid 336] AH00455: Apache/2.4.54 (Win64) OpenSSL/1.1.1p PHP/8.2.0 configured -- resuming normal operations
[Thu Mar 09 10:22:08.443016 2023] [mpm_winnt:notice] [pid 17784:tid 336] AH00456: Apache Lounge VS16 Server built: Jun 22 2022 09:58:15
[Thu Mar 09 10:22:08.443016 2023] [core:notice] [pid 17784:tid 336] AH00094: Command line: 'c:\\users\\jorge\\documents\\uni - 3ro\\sw\\xamppp\\apache\\bin\\httpd.exe -d C:/Users/jorge/Documents/Uni - 3ro/SW/xamppp/apache'
[Thu Mar 09 10:22:08.447018 2023] [mpm_winnt:notice] [pid 17784:tid 336] AH00418: Parent: Created child process 17852
[Thu Mar 09 10:22:08.695473 2023] [ssl:warn] [pid 17852:tid 332] AH01909: www.example.com:443:0 server certificate does NOT include an ID which matches the server name
[Thu Mar 09 10:22:08.736149 2023] [ssl:warn] [pid 17852:tid 332] AH01909: www.example.com:443:0 server certificate does NOT include an ID which matches the server name
[Thu Mar 09 10:22:08.768537 2023] [mpm_winnt:notice] [pid 17852:tid 332] AH00354: Child: Starting 150 worker threads.
[Thu Mar 09 10:22:43.838769 2023] [core:error] [pid 17852:tid 1892] (20024)The given path is misformatted or contained invalid characters: [client ::1:50997] AH00127: Cannot map GET /%22C:/Users/jorge/Documents/Uni%20-%203ro/SW/xamppp/htdocs/AW-Grupo6/docs/Practica2/Ejercicio02/index.php%22 HTTP/1.1 to file
[Thu Mar 09 10:23:02.966330 2023] [core:error] [pid 17852:tid 1888] (20024)The given path is misformatted or contained invalid characters: [client ::1:50998] AH00127: Cannot map GET /AW-Grupo6/docs/Practica2/Ejercicio02/index.php%22 HTTP/1.1 to file
[Thu Mar 09 10:23:15.108171 2023] [core:error] [pid 17852:tid 1892] (20024)The given path is misformatted or contained invalid characters: [client ::1:51004] AH00127: Cannot map GET /AW-Grupo6/docs/Practica2/Ejercicio02/index.php%22 HTTP/1.1 to file
[Thu Mar 09 10:25:19.448878 2023] [core:error] [pid 17852:tid 1888] (20024)The given path is misformatted or contained invalid characters: [client ::1:51027] AH00127: Cannot map GET /AW-Grupo6/docs/Practica2/Ejercicio02/index.php%22 HTTP/1.1 to file
[Thu Mar 09 10:25:20.007397 2023] [core:error] [pid 17852:tid 1888] (20024)The given path is misformatted or contained invalid characters: [client ::1:51027] AH00127: Cannot map GET /AW-Grupo6/docs/Practica2/Ejercicio02/index.php%22 HTTP/1.1 to file
[Thu Mar 09 10:25:20.369187 2023] [core:error] [pid 17852:tid 1888] (20024)The given path is misformatted or contained invalid characters: [client ::1:51027] AH00127: Cannot map GET /AW-Grupo6/docs/Practica2/Ejercicio02/index.php%22 HTTP/1.1 to file
[Sat Mar 11 14:50:34.107764 2023] [ssl:warn] [pid 17356:tid 336] AH01909: www.example.com:443:0 server certificate does NOT include an ID which matches the server name
[Sat Mar 11 14:50:34.139700 2023] [core:warn] [pid 17356:tid 336] AH00098: pid file C:/Users/jorge/Documents/Uni - 3ro/SW/xamppp/apache/logs/httpd.pid overwritten -- Unclean shutdown of previous Apache run?
Failed loading C:\Users\jorge\Documents\Uni - 3ro\SW\xamppp\php\ext\php_xdebug-3.2.0-8.1-vs16-x86_64.dll
rtificate does NOT include an ID which matches the server name
[Sat Mar 11 14:50:39.296025 2023] [mpm_winnt:notice] [pid 17356:tid 336] AH00455: Apache/2.4.54 (Win64) OpenSSL/1.1.1p PHP/8.2.0 configured -- resuming normal operations
[Sat Mar 11 14:50:39.296025 2023] [mpm_winnt:notice] [pid 17356:tid 336] AH00456: Apache Lounge VS16 Server built: Jun 22 2022 09:58:15
[Sat Mar 11 14:50:39.296025 2023] [core:notice] [pid 17356:tid 336] AH00094: Command line: 'c:\\users\\jorge\\documents\\uni - 3ro\\sw\\xamppp\\apache\\bin\\httpd.exe -d C:/Users/jorge/Documents/Uni - 3ro/SW/xamppp/apache'
[Sat Mar 11 14:50:39.304022 2023] [mpm_winnt:notice] [pid 17356:tid 336] AH00418: Parent: Created child process 17068
[Sat Mar 11 14:50:39.528366 2023] [ssl:warn] [pid 17068:tid 336] AH01909: www.example.com:443:0 server certificate does NOT include an ID which matches the server name
Failed loading C:\Users\jorge\Documents\Uni - 3ro\SW\xamppp\php\ext\php_xdebug-3.2.0-8.1-vs16-x86_64.dll
rtificate does NOT include an ID which matches the server name
[Sat Mar 11 14:50:41.038467 2023] [mpm_winnt:notice] [pid 17068:tid 336] AH00354: Child: Starting 150 worker threads.
[Tue Mar 14 16:24:09.634166 2023] [ssl:warn] [pid 11044:tid 216] AH01909: www.example.com:443:0 server certificate does NOT include an ID which matches the server name
[Tue Mar 14 16:24:09.673217 2023] [core:warn] [pid 11044:tid 216] AH00098: pid file C:/Users/jorge/Documents/Uni - 3ro/SW/xamppp/apache/logs/httpd.pid overwritten -- Unclean shutdown of previous Apache run?
Failed loading C:\Users\jorge\Documents\Uni - 3ro\SW\xamppp\php\ext\php_xdebug-3.2.0-8.1-vs16-x86_64.dll
rtificate does NOT include an ID which matches the server name
[Tue Mar 14 16:24:12.907661 2023] [mpm_winnt:notice] [pid 11044:tid 216] AH00455: Apache/2.4.54 (Win64) OpenSSL/1.1.1p PHP/8.2.0 configured -- resuming normal operations
[Tue Mar 14 16:24:12.907661 2023] [mpm_winnt:notice] [pid 11044:tid 216] AH00456: Apache Lounge VS16 Server built: Jun 22 2022 09:58:15
[Tue Mar 14 16:24:12.907661 2023] [core:notice] [pid 11044:tid 216] AH00094: Command line: 'c:\\users\\jorge\\documents\\uni - 3ro\\sw\\xamppp\\apache\\bin\\httpd.exe -d C:/Users/jorge/Documents/Uni - 3ro/SW/xamppp/apache'
[Tue Mar 14 16:24:12.913773 2023] [mpm_winnt:notice] [pid 11044:tid 216] AH00418: Parent: Created child process 11552
[Tue Mar 14 16:24:13.186666 2023] [ssl:warn] [pid 11552:tid 336] AH01909: www.example.com:443:0 server certificate does NOT include an ID which matches the server name
Failed loading C:\Users\jorge\Documents\Uni - 3ro\SW\xamppp\php\ext\php_xdebug-3.2.0-8.1-vs16-x86_64.dll
rtificate does NOT include an ID which matches the server name
[Tue Mar 14 16:24:15.134064 2023] [mpm_winnt:notice] [pid 11552:tid 336] AH00354: Child: Starting 150 worker threads.
[Tue Mar 14 16:25:35.860699 2023] [php:error] [pid 11552:tid 1876] [client ::1:61271] script 'C:/Users/jorge/Documents/Uni - 3ro/SW/xamppp/htdocs/AW-Grupo6/index.php' not found or unable to stat
[Tue Mar 14 16:27:40.074430 2023] [php:error] [pid 11552:tid 1884] [client ::1:61325] PHP Parse error:  Unclosed '{' on line 49 in C:\\Users\\jorge\\Documents\\Uni - 3ro\\SW\\xamppp\\htdocs\\AW-Grupo6\\docs\\Practica2\\Ejercicio02\\comentarios.php on line 51
[Tue Mar 14 16:28:06.114490 2023] [php:error] [pid 11552:tid 1876] [client ::1:61326] PHP Parse error:  Unclosed '{' on line 49 in C:\\Users\\jorge\\Documents\\Uni - 3ro\\SW\\xamppp\\htdocs\\AW-Grupo6\\docs\\Practica2\\Ejercicio02\\comentarios.php on line 51
[Tue Mar 14 16:28:07.005821 2023] [php:error] [pid 11552:tid 1876] [client ::1:61326] PHP Parse error:  Unclosed '{' on line 49 in C:\\Users\\jorge\\Documents\\Uni - 3ro\\SW\\xamppp\\htdocs\\AW-Grupo6\\docs\\Practica2\\Ejercicio02\\comentarios.php on line 51
[Tue Mar 14 16:28:07.645341 2023] [php:error] [pid 11552:tid 1876] [client ::1:61326] PHP Parse error:  Unclosed '{' on line 49 in C:\\Users\\jorge\\Documents\\Uni - 3ro\\SW\\xamppp\\htdocs\\AW-Grupo6\\docs\\Practica2\\Ejercicio02\\comentarios.php on line 51
[Tue Mar 14 16:28:09.615085 2023] [php:error] [pid 11552:tid 1876] [client ::1:61326] PHP Parse error:  Unclosed '{' on line 49 in C:\\Users\\jorge\\Documents\\Uni - 3ro\\SW\\xamppp\\htdocs\\AW-Grupo6\\docs\\Practica2\\Ejercicio02\\comentarios.php on line 51
[Tue Mar 14 16:28:44.468532 2023] [php:error] [pid 11552:tid 1884] [client ::1:61343] PHP Fatal error:  Uncaught mysqli_sql_exception: No se puede establecer una conexi\xc3\xb3n ya que el equipo de destino deneg\xc3\xb3 expresamente dicha conexi\xc3\xb3n in C:\\Users\\jorge\\Documents\\Uni - 3ro\\SW\\xamppp\\htdocs\\AW-Grupo6\\docs\\Practica2\\Ejercicio02\\comentarios.php:8\nStack trace:\n#0 C:\\Users\\jorge\\Documents\\Uni - 3ro\\SW\\xamppp\\htdocs\\AW-Grupo6\\docs\\Practica2\\Ejercicio02\\comentarios.php(8): mysqli->__construct('localhost', 'username', Object(SensitiveParameterValue), 'mysql')\n#1 {main}\n  thrown in C:\\Users\\jorge\\Documents\\Uni - 3ro\\SW\\xamppp\\htdocs\\AW-Grupo6\\docs\\Practica2\\Ejercicio02\\comentarios.php on line 8
[Tue Mar 14 16:28:59.299699 2023] [php:error] [pid 11552:tid 1876] [client ::1:61353] PHP Fatal error:  Uncaught mysqli_sql_exception: No se puede establecer una conexi\xc3\xb3n ya que el equipo de destino deneg\xc3\xb3 expresamente dicha conexi\xc3\xb3n in C:\\Users\\jorge\\Documents\\Uni - 3ro\\SW\\xamppp\\htdocs\\AW-Grupo6\\docs\\Practica2\\Ejercicio02\\comentarios.php:8\nStack trace:\n#0 C:\\Users\\jorge\\Documents\\Uni - 3ro\\SW\\xamppp\\htdocs\\AW-Grupo6\\docs\\Practica2\\Ejercicio02\\comentarios.php(8): mysqli->__construct('localhost', 'username', Object(SensitiveParameterValue), 'mysql')\n#1 {main}\n  thrown in C:\\Users\\jorge\\Documents\\Uni - 3ro\\SW\\xamppp\\htdocs\\AW-Grupo6\\docs\\Practica2\\Ejercicio02\\comentarios.php on line 8
[Tue Mar 14 16:29:00.289329 2023] [php:error] [pid 11552:tid 1884] [client ::1:61381] PHP Fatal error:  Uncaught mysqli_sql_exception: No se puede establecer una conexi\xc3\xb3n ya que el equipo de destino deneg\xc3\xb3 expresamente dicha conexi\xc3\xb3n in C:\\Users\\jorge\\Documents\\Uni - 3ro\\SW\\xamppp\\htdocs\\AW-Grupo6\\docs\\Practica2\\Ejercicio02\\comentarios.php:8\nStack trace:\n#0 C:\\Users\\jorge\\Documents\\Uni - 3ro\\SW\\xamppp\\htdocs\\AW-Grupo6\\docs\\Practica2\\Ejercicio02\\comentarios.php(8): mysqli->__construct('localhost', 'username', Object(SensitiveParameterValue), 'mysql')\n#1 {main}\n  thrown in C:\\Users\\jorge\\Documents\\Uni - 3ro\\SW\\xamppp\\htdocs\\AW-Grupo6\\docs\\Practica2\\Ejercicio02\\comentarios.php on line 8
[Tue Mar 14 16:37:05.380057 2023] [php:error] [pid 11552:tid 1884] [client ::1:61597] PHP Fatal error:  Uncaught mysqli_sql_exception: No se puede establecer una conexi\xc3\xb3n ya que el equipo de destino deneg\xc3\xb3 expresamente dicha conexi\xc3\xb3n in C:\\Users\\jorge\\Documents\\Uni - 3ro\\SW\\xamppp\\htdocs\\AW-Grupo6\\docs\\Practica2\\Ejercicio02\\includes\\src\\BD.php:34\nStack trace:\n#0 C:\\Users\\jorge\\Documents\\Uni - 3ro\\SW\\xamppp\\htdocs\\AW-Grupo6\\docs\\Practica2\\Ejercicio02\\includes\\src\\BD.php(34): mysqli->__construct('localhost', 'ejercicio02', Object(SensitiveParameterValue), 'ejercicio02')\n#1 C:\\Users\\jorge\\Documents\\Uni - 3ro\\SW\\xamppp\\htdocs\\AW-Grupo6\\docs\\Practica2\\Ejercicio02\\includes\\src\\mensajes\\bd\\Mensaje.php(19): BD->getConexionBd()\n#2 C:\\Users\\jorge\\Documents\\Uni - 3ro\\SW\\xamppp\\htdocs\\AW-Grupo6\\docs\\Practica2\\Ejercicio02\\includes\\vistas\\helpers\\mensajes.php(62): Mensaje::buscaPorMensajePadre(NULL)\n#3 C:\\Users\\jorge\\Documents\\Uni - 3ro\\SW\\xamppp\\htdocs\\AW-Grupo6\\docs\\Practica2\\Ejercicio02\\tablon.php(11): listaMensajes()\n#4 {main}\n  thrown in C:\\Users\\jorge\\Documents\\Uni - 3ro\\SW\\xamppp\\htdocs\\AW-Grupo6\\docs\\Practica2\\Ejercicio02\\includes\\src\\BD.php on line 34, referer: http://localhost/AW-Grupo6/docs/Practica2/Ejercicio02/admin.php
[Tue Mar 14 16:37:09.478672 2023] [php:error] [pid 11552:tid 1872] [client ::1:61598] PHP Fatal error:  Uncaught mysqli_sql_exception: No se puede establecer una conexi\xc3\xb3n ya que el equipo de destino deneg\xc3\xb3 expresamente dicha conexi\xc3\xb3n in C:\\Users\\jorge\\Documents\\Uni - 3ro\\SW\\xamppp\\htdocs\\AW-Grupo6\\docs\\Practica2\\Ejercicio02\\includes\\src\\BD.php:34\nStack trace:\n#0 C:\\Users\\jorge\\Documents\\Uni - 3ro\\SW\\xamppp\\htdocs\\AW-Grupo6\\docs\\Practica2\\Ejercicio02\\includes\\src\\BD.php(34): mysqli->__construct('localhost', 'ejercicio02', Object(SensitiveParameterValue), 'ejercicio02')\n#1 C:\\Users\\jorge\\Documents\\Uni - 3ro\\SW\\xamppp\\htdocs\\AW-Grupo6\\docs\\Practica2\\Ejercicio02\\includes\\src\\mensajes\\bd\\Mensaje.php(19): BD->getConexionBd()\n#2 C:\\Users\\jorge\\Documents\\Uni - 3ro\\SW\\xamppp\\htdocs\\AW-Grupo6\\docs\\Practica2\\Ejercicio02\\includes\\vistas\\helpers\\mensajes.php(62): Mensaje::buscaPorMensajePadre(NULL)\n#3 C:\\Users\\jorge\\Documents\\Uni - 3ro\\SW\\xamppp\\htdocs\\AW-Grupo6\\docs\\Practica2\\Ejercicio02\\tablon.php(11): listaMensajes()\n#4 {main}\n  thrown in C:\\Users\\jorge\\Documents\\Uni - 3ro\\SW\\xamppp\\htdocs\\AW-Grupo6\\docs\\Practica2\\Ejercicio02\\includes\\src\\BD.php on line 34, referer: http://localhost/AW-Grupo6/docs/Practica2/Ejercicio02/admin.php
[Tue Mar 14 16:37:13.599044 2023] [php:error] [pid 11552:tid 1876] [client ::1:61603] PHP Fatal error:  Uncaught mysqli_sql_exception: No se puede establecer una conexi\xc3\xb3n ya que el equipo de destino deneg\xc3\xb3 expresamente dicha conexi\xc3\xb3n in C:\\Users\\jorge\\Documents\\Uni - 3ro\\SW\\xamppp\\htdocs\\AW-Grupo6\\docs\\Practica2\\Ejercicio02\\includes\\src\\BD.php:34\nStack trace:\n#0 C:\\Users\\jorge\\Documents\\Uni - 3ro\\SW\\xamppp\\htdocs\\AW-Grupo6\\docs\\Practica2\\Ejercicio02\\includes\\src\\BD.php(34): mysqli->__construct('localhost', 'ejercicio02', Object(SensitiveParameterValue), 'ejercicio02')\n#1 C:\\Users\\jorge\\Documents\\Uni - 3ro\\SW\\xamppp\\htdocs\\AW-Grupo6\\docs\\Practica2\\Ejercicio02\\includes\\src\\mensajes\\bd\\Mensaje.php(19): BD->getConexionBd()\n#2 C:\\Users\\jorge\\Documents\\Uni - 3ro\\SW\\xamppp\\htdocs\\AW-Grupo6\\docs\\Practica2\\Ejercicio02\\includes\\vistas\\helpers\\mensajes.php(62): Mensaje::buscaPorMensajePadre(NULL)\n#3 C:\\Users\\jorge\\Documents\\Uni - 3ro\\SW\\xamppp\\htdocs\\AW-Grupo6\\docs\\Practica2\\Ejercicio02\\tablon.php(11): listaMensajes()\n#4 {main}\n  thrown in C:\\Users\\jorge\\Documents\\Uni - 3ro\\SW\\xamppp\\htdocs\\AW-Grupo6\\docs\\Practica2\\Ejercicio02\\includes\\src\\BD.php on line 34, referer: http://localhost/AW-Grupo6/docs/Practica2/Ejercicio02/admin.php
[Wed Mar 15 20:36:47.421883 2023] [ssl:warn] [pid 5868:tid 336] AH01909: www.example.com:443:0 server certificate does NOT include an ID which matches the server name
[Wed Mar 15 20:36:47.447084 2023] [core:warn] [pid 5868:tid 336] AH00098: pid file C:/Users/jorge/Documents/Uni - 3ro/SW/xamppp/apache/logs/httpd.pid overwritten -- Unclean shutdown of previous Apache run?
Failed loading C:\Users\jorge\Documents\Uni - 3ro\SW\xamppp\php\ext\php_xdebug-3.2.0-8.1-vs16-x86_64.dll
tificate does NOT include an ID which matches the server name
[Wed Mar 15 20:36:49.479336 2023] [mpm_winnt:notice] [pid 5868:tid 336] AH00455: Apache/2.4.54 (Win64) OpenSSL/1.1.1p PHP/8.2.0 configured -- resuming normal operations
[Wed Mar 15 20:36:49.479336 2023] [mpm_winnt:notice] [pid 5868:tid 336] AH00456: Apache Lounge VS16 Server built: Jun 22 2022 09:58:15
[Wed Mar 15 20:36:49.479336 2023] [core:notice] [pid 5868:tid 336] AH00094: Command line: 'c:\\users\\jorge\\documents\\uni - 3ro\\sw\\xamppp\\apache\\bin\\httpd.exe -d C:/Users/jorge/Documents/Uni - 3ro/SW/xamppp/apache'
[Wed Mar 15 20:36:49.483076 2023] [mpm_winnt:notice] [pid 5868:tid 336] AH00418: Parent: Created child process 8088
[Wed Mar 15 20:36:49.692743 2023] [ssl:warn] [pid 8088:tid 336] AH01909: www.example.com:443:0 server certificate does NOT include an ID which matches the server name
Failed loading C:\Users\jorge\Documents\Uni - 3ro\SW\xamppp\php\ext\php_xdebug-3.2.0-8.1-vs16-x86_64.dll
tificate does NOT include an ID which matches the server name
[Wed Mar 15 20:36:50.272928 2023] [mpm_winnt:notice] [pid 8088:tid 336] AH00354: Child: Starting 150 worker threads.
[Wed Mar 15 20:37:48.649973 2023] [php:error] [pid 8088:tid 1876] [client ::1:51575] PHP Fatal error:  Uncaught mysqli_sql_exception: No se puede establecer una conexi\xc3\xb3n ya que el equipo de destino deneg\xc3\xb3 expresamente dicha conexi\xc3\xb3n in C:\\Users\\jorge\\Documents\\Uni - 3ro\\SW\\xamppp\\htdocs\\AW-Grupo6\\docs\\Practica2\\Ejercicio02\\comentarios.php:8\nStack trace:\n#0 C:\\Users\\jorge\\Documents\\Uni - 3ro\\SW\\xamppp\\htdocs\\AW-Grupo6\\docs\\Practica2\\Ejercicio02\\comentarios.php(8): mysqli->__construct('localhost', 'username', Object(SensitiveParameterValue), 'mysql')\n#1 {main}\n  thrown in C:\\Users\\jorge\\Documents\\Uni - 3ro\\SW\\xamppp\\htdocs\\AW-Grupo6\\docs\\Practica2\\Ejercicio02\\comentarios.php on line 8
[Wed Mar 15 20:59:38.512110 2023] [php:error] [pid 8088:tid 1876] [client ::1:51909] PHP Fatal error:  Uncaught mysqli_sql_exception: No se puede establecer una conexi\xc3\xb3n ya que el equipo de destino deneg\xc3\xb3 expresamente dicha conexi\xc3\xb3n in C:\\Users\\jorge\\Documents\\Uni - 3ro\\SW\\xamppp\\htdocs\\AW-Grupo6\\docs\\Practica2\\Ejercicio02\\includes\\src\\BD.php:34\nStack trace:\n#0 C:\\Users\\jorge\\Documents\\Uni - 3ro\\SW\\xamppp\\htdocs\\AW-Grupo6\\docs\\Practica2\\Ejercicio02\\includes\\src\\BD.php(34): mysqli->__construct('localhost', 'ejercicio02', Object(SensitiveParameterValue), 'ejercicio02')\n#1 C:\\Users\\jorge\\Documents\\Uni - 3ro\\SW\\xamppp\\htdocs\\AW-Grupo6\\docs\\Practica2\\Ejercicio02\\includes\\src\\mensajes\\bd\\Mensaje.php(19): BD->getConexionBd()\n#2 C:\\Users\\jorge\\Documents\\Uni - 3ro\\SW\\xamppp\\htdocs\\AW-Grupo6\\docs\\Practica2\\Ejercicio02\\includes\\vistas\\helpers\\mensajes.php(62): Mensaje::buscaPorMensajePadre(NULL)\n#3 C:\\Users\\jorge\\Documents\\Uni - 3ro\\SW\\xamppp\\htdocs\\AW-Grupo6\\docs\\Practica2\\Ejercicio02\\tablon.php(11): listaMensajes()\n#4 {main}\n  thrown in C:\\Users\\jorge\\Documents\\Uni - 3ro\\SW\\xamppp\\htdocs\\AW-Grupo6\\docs\\Practica2\\Ejercicio02\\includes\\src\\BD.php on line 34, referer: http://localhost/AW-Grupo6/docs/Practica2/Ejercicio02/index.php
[Wed Mar 15 22:37:31.801706 2023] [php:error] [pid 8088:tid 1876] [client ::1:55969] PHP Fatal error:  Uncaught mysqli_sql_exception: No se puede establecer una conexi\xc3\xb3n ya que el equipo de destino deneg\xc3\xb3 expresamente dicha conexi\xc3\xb3n in C:\\Users\\jorge\\Documents\\Uni - 3ro\\SW\\xamppp\\htdocs\\AW-Grupo6\\docs\\Practica2\\Ejercicio02\\vinilo.php:8\nStack trace:\n#0 C:\\Users\\jorge\\Documents\\Uni - 3ro\\SW\\xamppp\\htdocs\\AW-Grupo6\\docs\\Practica2\\Ejercicio02\\vinilo.php(8): mysqli_connect('localhost', 'Usuario', Object(SensitiveParameterValue), 'mysql')\n#1 {main}\n  thrown in C:\\Users\\jorge\\Documents\\Uni - 3ro\\SW\\xamppp\\htdocs\\AW-Grupo6\\docs\\Practica2\\Ejercicio02\\vinilo.php on line 8
[Thu Mar 16 09:43:06.538842 2023] [ssl:warn] [pid 12968:tid 336] AH01909: www.example.com:443:0 server certificate does NOT include an ID which matches the server name
[Thu Mar 16 09:43:06.570836 2023] [core:warn] [pid 12968:tid 336] AH00098: pid file C:/Users/jorge/Documents/Uni - 3ro/SW/xamppp/apache/logs/httpd.pid overwritten -- Unclean shutdown of previous Apache run?
Failed loading C:\Users\jorge\Documents\Uni - 3ro\SW\xamppp\php\ext\php_xdebug-3.2.0-8.1-vs16-x86_64.dll
rtificate does NOT include an ID which matches the server name
[Thu Mar 16 09:43:08.468174 2023] [mpm_winnt:notice] [pid 12968:tid 336] AH00455: Apache/2.4.54 (Win64) OpenSSL/1.1.1p PHP/8.2.0 configured -- resuming normal operations
[Thu Mar 16 09:43:08.468174 2023] [mpm_winnt:notice] [pid 12968:tid 336] AH00456: Apache Lounge VS16 Server built: Jun 22 2022 09:58:15
[Thu Mar 16 09:43:08.468174 2023] [core:notice] [pid 12968:tid 336] AH00094: Command line: 'c:\\users\\jorge\\documents\\uni - 3ro\\sw\\xamppp\\apache\\bin\\httpd.exe -d C:/Users/jorge/Documents/Uni - 3ro/SW/xamppp/apache'
[Thu Mar 16 09:43:08.468174 2023] [mpm_winnt:notice] [pid 12968:tid 336] AH00418: Parent: Created child process 10448
[Thu Mar 16 09:43:08.694739 2023] [ssl:warn] [pid 10448:tid 336] AH01909: www.example.com:443:0 server certificate does NOT include an ID which matches the server name
Failed loading C:\Users\jorge\Documents\Uni - 3ro\SW\xamppp\php\ext\php_xdebug-3.2.0-8.1-vs16-x86_64.dll
rtificate does NOT include an ID which matches the server name
[Thu Mar 16 09:43:09.450595 2023] [mpm_winnt:notice] [pid 10448:tid 336] AH00354: Child: Starting 150 worker threads.
[Thu Mar 16 09:45:34.218984 2023] [php:error] [pid 10448:tid 1880] [client ::1:50726] PHP Parse error:  syntax error, unexpected string content "", expecting "-" or identifier or variable or number in C:\\Users\\jorge\\Documents\\Uni - 3ro\\SW\\xamppp\\htdocs\\AW-Grupo6\\docs\\Practica2\\Ejercicio02\\catalogo.php on line 33, referer: http://localhost/AW-Grupo6/docs/Practica2/Ejercicio02/ofertas.php
[Thu Mar 16 09:49:02.913313 2023] [php:error] [pid 10448:tid 1880] [client ::1:50948] PHP Fatal error:  Uncaught mysqli_sql_exception: No se puede establecer una conexi\xc3\xb3n ya que el equipo de destino deneg\xc3\xb3 expresamente dicha conexi\xc3\xb3n in C:\\Users\\jorge\\Documents\\Uni - 3ro\\SW\\xamppp\\htdocs\\AW-Grupo6\\docs\\Practica2\\Ejercicio02\\includes\\src\\BD.php:34\nStack trace:\n#0 C:\\Users\\jorge\\Documents\\Uni - 3ro\\SW\\xamppp\\htdocs\\AW-Grupo6\\docs\\Practica2\\Ejercicio02\\includes\\src\\BD.php(34): mysqli->__construct('localhost', 'ejercicio02', Object(SensitiveParameterValue), 'ejercicio02')\n#1 C:\\Users\\jorge\\Documents\\Uni - 3ro\\SW\\xamppp\\htdocs\\AW-Grupo6\\docs\\Practica2\\Ejercicio02\\includes\\src\\usuarios\\bd\\Usuario.php(30): BD->getConexionBd()\n#2 C:\\Users\\jorge\\Documents\\Uni - 3ro\\SW\\xamppp\\htdocs\\AW-Grupo6\\docs\\Practica2\\Ejercicio02\\includes\\src\\usuarios\\bd\\Usuario.php(14): Usuario::buscaUsuario('Usuario')\n#3 C:\\Users\\jorge\\Documents\\Uni - 3ro\\SW\\xamppp\\htdocs\\AW-Grupo6\\docs\\Practica2\\Ejercicio02\\procesarLogin.php(13): Usuario::login('Usuario', 'userpass')\n#4 {main}\n  thrown in C:\\Users\\jorge\\Documents\\Uni - 3ro\\SW\\xamppp\\htdocs\\AW-Grupo6\\docs\\Practica2\\Ejercicio02\\includes\\src\\BD.php on line 34, referer: http://localhost/AW-Grupo6/docs/Practica2/Ejercicio02/procesarLogin.php
[Thu Mar 16 09:49:07.020224 2023] [php:error] [pid 10448:tid 1872] [client ::1:50949] PHP Fatal error:  Uncaught mysqli_sql_exception: No se puede establecer una conexi\xc3\xb3n ya que el equipo de destino deneg\xc3\xb3 expresamente dicha conexi\xc3\xb3n in C:\\Users\\jorge\\Documents\\Uni - 3ro\\SW\\xamppp\\htdocs\\AW-Grupo6\\docs\\Practica2\\Ejercicio02\\includes\\src\\BD.php:34\nStack trace:\n#0 C:\\Users\\jorge\\Documents\\Uni - 3ro\\SW\\xamppp\\htdocs\\AW-Grupo6\\docs\\Practica2\\Ejercicio02\\includes\\src\\BD.php(34): mysqli->__construct('localhost', 'ejercicio02', Object(SensitiveParameterValue), 'ejercicio02')\n#1 C:\\Users\\jorge\\Documents\\Uni - 3ro\\SW\\xamppp\\htdocs\\AW-Grupo6\\docs\\Practica2\\Ejercicio02\\includes\\src\\usuarios\\bd\\Usuario.php(30): BD->getConexionBd()\n#2 C:\\Users\\jorge\\Documents\\Uni - 3ro\\SW\\xamppp\\htdocs\\AW-Grupo6\\docs\\Practica2\\Ejercicio02\\includes\\src\\usuarios\\bd\\Usuario.php(14): Usuario::buscaUsuario('Usuario')\n#3 C:\\Users\\jorge\\Documents\\Uni - 3ro\\SW\\xamppp\\htdocs\\AW-Grupo6\\docs\\Practica2\\Ejercicio02\\procesarLogin.php(13): Usuario::login('Usuario', 'userpass')\n#4 {main}\n  thrown in C:\\Users\\jorge\\Documents\\Uni - 3ro\\SW\\xamppp\\htdocs\\AW-Grupo6\\docs\\Practica2\\Ejercicio02\\includes\\src\\BD.php on line 34, referer: http://localhost/AW-Grupo6/docs/Practica2/Ejercicio02/procesarLogin.php
[Thu Mar 16 09:49:11.134694 2023] [php:error] [pid 10448:tid 1860] [client ::1:50951] PHP Fatal error:  Uncaught mysqli_sql_exception: No se puede establecer una conexi\xc3\xb3n ya que el equipo de destino deneg\xc3\xb3 expresamente dicha conexi\xc3\xb3n in C:\\Users\\jorge\\Documents\\Uni - 3ro\\SW\\xamppp\\htdocs\\AW-Grupo6\\docs\\Practica2\\Ejercicio02\\includes\\src\\BD.php:34\nStack trace:\n#0 C:\\Users\\jorge\\Documents\\Uni - 3ro\\SW\\xamppp\\htdocs\\AW-Grupo6\\docs\\Practica2\\Ejercicio02\\includes\\src\\BD.php(34): mysqli->__construct('localhost', 'ejercicio02', Object(SensitiveParameterValue), 'ejercicio02')\n#1 C:\\Users\\jorge\\Documents\\Uni - 3ro\\SW\\xamppp\\htdocs\\AW-Grupo6\\docs\\Practica2\\Ejercicio02\\includes\\src\\usuarios\\bd\\Usuario.php(30): BD->getConexionBd()\n#2 C:\\Users\\jorge\\Documents\\Uni - 3ro\\SW\\xamppp\\htdocs\\AW-Grupo6\\docs\\Practica2\\Ejercicio02\\includes\\src\\usuarios\\bd\\Usuario.php(14): Usuario::buscaUsuario('Usuario')\n#3 C:\\Users\\jorge\\Documents\\Uni - 3ro\\SW\\xamppp\\htdocs\\AW-Grupo6\\docs\\Practica2\\Ejercicio02\\procesarLogin.php(13): Usuario::login('Usuario', 'userpass')\n#4 {main}\n  thrown in C:\\Users\\jorge\\Documents\\Uni - 3ro\\SW\\xamppp\\htdocs\\AW-Grupo6\\docs\\Practica2\\Ejercicio02\\includes\\src\\BD.php on line 34, referer: http://localhost/AW-Grupo6/docs/Practica2/Ejercicio02/procesarLogin.php
[Thu Mar 16 09:49:15.242264 2023] [php:error] [pid 10448:tid 1856] [client ::1:50952] PHP Fatal error:  Uncaught mysqli_sql_exception: No se puede establecer una conexi\xc3\xb3n ya que el equipo de destino deneg\xc3\xb3 expresamente dicha conexi\xc3\xb3n in C:\\Users\\jorge\\Documents\\Uni - 3ro\\SW\\xamppp\\htdocs\\AW-Grupo6\\docs\\Practica2\\Ejercicio02\\includes\\src\\BD.php:34\nStack trace:\n#0 C:\\Users\\jorge\\Documents\\Uni - 3ro\\SW\\xamppp\\htdocs\\AW-Grupo6\\docs\\Practica2\\Ejercicio02\\includes\\src\\BD.php(34): mysqli->__construct('localhost', 'ejercicio02', Object(SensitiveParameterValue), 'ejercicio02')\n#1 C:\\Users\\jorge\\Documents\\Uni - 3ro\\SW\\xamppp\\htdocs\\AW-Grupo6\\docs\\Practica2\\Ejercicio02\\includes\\src\\usuarios\\bd\\Usuario.php(30): BD->getConexionBd()\n#2 C:\\Users\\jorge\\Documents\\Uni - 3ro\\SW\\xamppp\\htdocs\\AW-Grupo6\\docs\\Practica2\\Ejercicio02\\includes\\src\\usuarios\\bd\\Usuario.php(14): Usuario::buscaUsuario('Usuario')\n#3 C:\\Users\\jorge\\Documents\\Uni - 3ro\\SW\\xamppp\\htdocs\\AW-Grupo6\\docs\\Practica2\\Ejercicio02\\procesarLogin.php(13): Usuario::login('Usuario', 'userpass')\n#4 {main}\n  thrown in C:\\Users\\jorge\\Documents\\Uni - 3ro\\SW\\xamppp\\htdocs\\AW-Grupo6\\docs\\Practica2\\Ejercicio02\\includes\\src\\BD.php on line 34, referer: http://localhost/AW-Grupo6/docs/Practica2/Ejercicio02/procesarLogin.php
[Thu Mar 16 09:49:19.342012 2023] [php:error] [pid 10448:tid 1852] [client ::1:50953] PHP Fatal error:  Uncaught mysqli_sql_exception: No se puede establecer una conexi\xc3\xb3n ya que el equipo de destino deneg\xc3\xb3 expresamente dicha conexi\xc3\xb3n in C:\\Users\\jorge\\Documents\\Uni - 3ro\\SW\\xamppp\\htdocs\\AW-Grupo6\\docs\\Practica2\\Ejercicio02\\includes\\src\\BD.php:34\nStack trace:\n#0 C:\\Users\\jorge\\Documents\\Uni - 3ro\\SW\\xamppp\\htdocs\\AW-Grupo6\\docs\\Practica2\\Ejercicio02\\includes\\src\\BD.php(34): mysqli->__construct('localhost', 'ejercicio02', Object(SensitiveParameterValue), 'ejercicio02')\n#1 C:\\Users\\jorge\\Documents\\Uni - 3ro\\SW\\xamppp\\htdocs\\AW-Grupo6\\docs\\Practica2\\Ejercicio02\\includes\\src\\usuarios\\bd\\Usuario.php(30): BD->getConexionBd()\n#2 C:\\Users\\jorge\\Documents\\Uni - 3ro\\SW\\xamppp\\htdocs\\AW-Grupo6\\docs\\Practica2\\Ejercicio02\\includes\\src\\usuarios\\bd\\Usuario.php(14): Usuario::buscaUsuario('Usuario')\n#3 C:\\Users\\jorge\\Documents\\Uni - 3ro\\SW\\xamppp\\htdocs\\AW-Grupo6\\docs\\Practica2\\Ejercicio02\\procesarLogin.php(13): Usuario::login('Usuario', 'userpass')\n#4 {main}\n  thrown in C:\\Users\\jorge\\Documents\\Uni - 3ro\\SW\\xamppp\\htdocs\\AW-Grupo6\\docs\\Practica2\\Ejercicio02\\includes\\src\\BD.php on line 34, referer: http://localhost/AW-Grupo6/docs/Practica2/Ejercicio02/procesarLogin.php
[Thu Mar 16 09:49:23.433413 2023] [php:error] [pid 10448:tid 1844] [client ::1:50954] PHP Fatal error:  Uncaught mysqli_sql_exception: No se puede establecer una conexi\xc3\xb3n ya que el equipo de destino deneg\xc3\xb3 expresamente dicha conexi\xc3\xb3n in C:\\Users\\jorge\\Documents\\Uni - 3ro\\SW\\xamppp\\htdocs\\AW-Grupo6\\docs\\Practica2\\Ejercicio02\\includes\\src\\BD.php:34\nStack trace:\n#0 C:\\Users\\jorge\\Documents\\Uni - 3ro\\SW\\xamppp\\htdocs\\AW-Grupo6\\docs\\Practica2\\Ejercicio02\\includes\\src\\BD.php(34): mysqli->__construct('localhost', 'ejercicio02', Object(SensitiveParameterValue), 'ejercicio02')\n#1 C:\\Users\\jorge\\Documents\\Uni - 3ro\\SW\\xamppp\\htdocs\\AW-Grupo6\\docs\\Practica2\\Ejercicio02\\includes\\src\\usuarios\\bd\\Usuario.php(30): BD->getConexionBd()\n#2 C:\\Users\\jorge\\Documents\\Uni - 3ro\\SW\\xamppp\\htdocs\\AW-Grupo6\\docs\\Practica2\\Ejercicio02\\includes\\src\\usuarios\\bd\\Usuario.php(14): Usuario::buscaUsuario('Usuario')\n#3 C:\\Users\\jorge\\Documents\\Uni - 3ro\\SW\\xamppp\\htdocs\\AW-Grupo6\\docs\\Practica2\\Ejercicio02\\procesarLogin.php(13): Usuario::login('Usuario', 'userpass')\n#4 {main}\n  thrown in C:\\Users\\jorge\\Documents\\Uni - 3ro\\SW\\xamppp\\htdocs\\AW-Grupo6\\docs\\Practica2\\Ejercicio02\\includes\\src\\BD.php on line 34, referer: http://localhost/AW-Grupo6/docs/Practica2/Ejercicio02/procesarLogin.php
[Thu Mar 16 10:00:40.072736 2023] [php:error] [pid 10448:tid 1828] [client ::1:51474] PHP Parse error:  syntax error, unexpected string content "", expecting "-" or identifier or variable or number in C:\\Users\\jorge\\Documents\\Uni - 3ro\\SW\\xamppp\\htdocs\\AW-Grupo6\\docs\\Practica2\\Ejercicio02\\catalogo.php on line 33, referer: http://localhost/AW-Grupo6/docs/Practica2/Ejercicio02/registro.php
[Thu Mar 16 10:00:43.366134 2023] [php:error] [pid 10448:tid 1828] [client ::1:51474] PHP Parse error:  syntax error, unexpected string content "", expecting "-" or identifier or variable or number in C:\\Users\\jorge\\Documents\\Uni - 3ro\\SW\\xamppp\\htdocs\\AW-Grupo6\\docs\\Practica2\\Ejercicio02\\catalogo.php on line 33, referer: http://localhost/AW-Grupo6/docs/Practica2/Ejercicio02/registro.php
[Thu Mar 16 10:00:48.872770 2023] [php:error] [pid 10448:tid 1828] [client ::1:51474] PHP Parse error:  syntax error, unexpected string content "", expecting "-" or identifier or variable or number in C:\\Users\\jorge\\Documents\\Uni - 3ro\\SW\\xamppp\\htdocs\\AW-Grupo6\\docs\\Practica2\\Ejercicio02\\catalogo.php on line 33, referer: http://localhost/AW-Grupo6/docs/Practica2/Ejercicio02/registro.php
[Thu Mar 16 10:02:57.450501 2023] [php:error] [pid 10448:tid 1844] [client ::1:51558] PHP Parse error:  syntax error, unexpected string content "", expecting "-" or identifier or variable or number in C:\\Users\\jorge\\Documents\\Uni - 3ro\\SW\\xamppp\\htdocs\\AW-Grupo6\\docs\\Practica2\\Ejercicio02\\catalogo.php on line 33, referer: http://localhost/AW-Grupo6/docs/Practica2/Ejercicio02/cesta.php
[Thu Mar 16 10:04:58.182962 2023] [php:error] [pid 10448:tid 1844] [client ::1:51702] PHP Fatal error:  Uncaught mysqli_sql_exception: No se puede establecer una conexi\xc3\xb3n ya que el equipo de destino deneg\xc3\xb3 expresamente dicha conexi\xc3\xb3n in C:\\Users\\jorge\\Documents\\Uni - 3ro\\SW\\xamppp\\htdocs\\AW-Grupo6\\docs\\Practica2\\Ejercicio02\\includes\\src\\BD.php:34\nStack trace:\n#0 C:\\Users\\jorge\\Documents\\Uni - 3ro\\SW\\xamppp\\htdocs\\AW-Grupo6\\docs\\Practica2\\Ejercicio02\\includes\\src\\BD.php(34): mysqli->__construct('localhost', 'ejercicio02', Object(SensitiveParameterValue), 'ejercicio02')\n#1 C:\\Users\\jorge\\Documents\\Uni - 3ro\\SW\\xamppp\\htdocs\\AW-Grupo6\\docs\\Practica2\\Ejercicio02\\includes\\src\\usuarios\\bd\\Usuario.php(30): BD->getConexionBd()\n#2 C:\\Users\\jorge\\Documents\\Uni - 3ro\\SW\\xamppp\\htdocs\\AW-Grupo6\\docs\\Practica2\\Ejercicio02\\includes\\src\\usuarios\\bd\\Usuario.php(14): Usuario::buscaUsuario('Usuario')\n#3 C:\\Users\\jorge\\Documents\\Uni - 3ro\\SW\\xamppp\\htdocs\\AW-Grupo6\\docs\\Practica2\\Ejercicio02\\procesarLogin.php(13): Usuario::login('Usuario', 'userpass')\n#4 {main}\n  thrown in C:\\Users\\jorge\\Documents\\Uni - 3ro\\SW\\xamppp\\htdocs\\AW-Grupo6\\docs\\Practica2\\Ejercicio02\\includes\\src\\BD.php on line 34, referer: http://localhost/AW-Grupo6/docs/Practica2/Ejercicio02/login.php
[Thu Mar 16 10:05:59.701255 2023] [php:error] [pid 10448:tid 1828] [client ::1:51740] PHP Parse error:  syntax error, unexpected string content "", expecting "-" or identifier or variable or number in C:\\Users\\jorge\\Documents\\Uni - 3ro\\SW\\xamppp\\htdocs\\AW-Grupo6\\docs\\Practica2\\Ejercicio02\\catalogo.php on line 33, referer: http://localhost/AW-Grupo6/docs/Practica2/Ejercicio02/login.php
[Fri Mar 17 15:52:04.365374 2023] [ssl:warn] [pid 19672:tid 336] AH01909: www.example.com:443:0 server certificate does NOT include an ID which matches the server name
[Fri Mar 17 15:52:04.391689 2023] [core:warn] [pid 19672:tid 336] AH00098: pid file C:/Users/jorge/Documents/Uni - 3ro/SW/xamppp/apache/logs/httpd.pid overwritten -- Unclean shutdown of previous Apache run?
Failed loading C:\Users\jorge\Documents\Uni - 3ro\SW\xamppp\php\ext\php_xdebug-3.2.0-8.1-vs16-x86_64.dll
rtificate does NOT include an ID which matches the server name
[Fri Mar 17 15:52:06.471285 2023] [mpm_winnt:notice] [pid 19672:tid 336] AH00455: Apache/2.4.54 (Win64) OpenSSL/1.1.1p PHP/8.2.0 configured -- resuming normal operations
[Fri Mar 17 15:52:06.471285 2023] [mpm_winnt:notice] [pid 19672:tid 336] AH00456: Apache Lounge VS16 Server built: Jun 22 2022 09:58:15
[Fri Mar 17 15:52:06.471285 2023] [core:notice] [pid 19672:tid 336] AH00094: Command line: 'c:\\users\\jorge\\documents\\uni - 3ro\\sw\\xamppp\\apache\\bin\\httpd.exe -d C:/Users/jorge/Documents/Uni - 3ro/SW/xamppp/apache'
[Fri Mar 17 15:52:06.476286 2023] [mpm_winnt:notice] [pid 19672:tid 336] AH00418: Parent: Created child process 5832
[Fri Mar 17 15:52:06.682979 2023] [ssl:warn] [pid 5832:tid 336] AH01909: www.example.com:443:0 server certificate does NOT include an ID which matches the server name
Failed loading C:\Users\jorge\Documents\Uni - 3ro\SW\xamppp\php\ext\php_xdebug-3.2.0-8.1-vs16-x86_64.dll
tificate does NOT include an ID which matches the server name
[Fri Mar 17 15:52:07.223425 2023] [mpm_winnt:notice] [pid 5832:tid 336] AH00354: Child: Starting 150 worker threads.
[Fri Mar 17 15:52:11.428768 2023] [php:error] [pid 5832:tid 1876] [client ::1:65166] PHP Fatal error:  Uncaught mysqli_sql_exception: No se puede establecer una conexi\xc3\xb3n ya que el equipo de destino deneg\xc3\xb3 expresamente dicha conexi\xc3\xb3n in C:\\Users\\jorge\\Documents\\Uni - 3ro\\SW\\xamppp\\htdocs\\AW-Grupo6\\docs\\Practica2\\Ejercicio02\\comentarios.php:12\nStack trace:\n#0 C:\\Users\\jorge\\Documents\\Uni - 3ro\\SW\\xamppp\\htdocs\\AW-Grupo6\\docs\\Practica2\\Ejercicio02\\comentarios.php(12): mysqli_connect('localhost', 'Usuario', Object(SensitiveParameterValue), 'mysql')\n#1 {main}\n  thrown in C:\\Users\\jorge\\Documents\\Uni - 3ro\\SW\\xamppp\\htdocs\\AW-Grupo6\\docs\\Practica2\\Ejercicio02\\comentarios.php on line 12
[Fri Mar 17 15:52:42.550224 2023] [php:error] [pid 5832:tid 1880] [client 127.0.0.1:65168] PHP Fatal error:  Uncaught mysqli_sql_exception: No se puede establecer una conexi\xc3\xb3n ya que el equipo de destino deneg\xc3\xb3 expresamente dicha conexi\xc3\xb3n in C:\\Users\\jorge\\Documents\\Uni - 3ro\\SW\\xamppp\\htdocs\\AW-Grupo6\\docs\\Practica2\\Ejercicio02\\comentarios.php:12\nStack trace:\n#0 C:\\Users\\jorge\\Documents\\Uni - 3ro\\SW\\xamppp\\htdocs\\AW-Grupo6\\docs\\Practica2\\Ejercicio02\\comentarios.php(12): mysqli_connect('localhost', 'Usuario', Object(SensitiveParameterValue), 'mysql')\n#1 {main}\n  thrown in C:\\Users\\jorge\\Documents\\Uni - 3ro\\SW\\xamppp\\htdocs\\AW-Grupo6\\docs\\Practica2\\Ejercicio02\\comentarios.php on line 12
[Fri Mar 17 15:52:53.857457 2023] [php:error] [pid 5832:tid 1868] [client 127.0.0.1:65167] script 'C:/Users/jorge/Documents/Uni - 3ro/SW/xamppp/htdocs/AW-Grupo6/docs/Practica2/Ejercicio02/vinilos.php' not found or unable to stat
[Fri Mar 17 15:53:18.623542 2023] [php:error] [pid 5832:tid 1880] [client ::1:65272] PHP Fatal error:  Uncaught mysqli_sql_exception: No se puede establecer una conexi\xc3\xb3n ya que el equipo de destino deneg\xc3\xb3 expresamente dicha conexi\xc3\xb3n in C:\\Users\\jorge\\Documents\\Uni - 3ro\\SW\\xamppp\\htdocs\\AW-Grupo6\\docs\\Practica2\\Ejercicio02\\includes\\src\\BD.php:34\nStack trace:\n#0 C:\\Users\\jorge\\Documents\\Uni - 3ro\\SW\\xamppp\\htdocs\\AW-Grupo6\\docs\\Practica2\\Ejercicio02\\includes\\src\\BD.php(34): mysqli->__construct('localhost', 'usuario', Object(SensitiveParameterValue), 'beatstore')\n#1 C:\\Users\\jorge\\Documents\\Uni - 3ro\\SW\\xamppp\\htdocs\\AW-Grupo6\\docs\\Practica2\\Ejercicio02\\includes\\src\\Vinilos\\Vinilos.php(17): BD->getConexionBd()\n#2 C:\\Users\\jorge\\Documents\\Uni - 3ro\\SW\\xamppp\\htdocs\\AW-Grupo6\\docs\\Practica2\\Ejercicio02\\includes\\vistas\\helpers\\vinilos.php(11): Vinilo::buscaVinilos()\n#3 C:\\Users\\jorge\\Documents\\Uni - 3ro\\SW\\xamppp\\htdocs\\AW-Grupo6\\docs\\Practica2\\Ejercicio02\\catalogo.php(16): listaVinilos()\n#4 {main}\n  thrown in C:\\Users\\jorge\\Documents\\Uni - 3ro\\SW\\xamppp\\htdocs\\AW-Grupo6\\docs\\Practica2\\Ejercicio02\\includes\\src\\BD.php on line 34, referer: http://localhost/AW-Grupo6/docs/Practica2/Ejercicio02/index.php
[Fri Mar 17 15:53:26.076526 2023] [php:error] [pid 5832:tid 1864] [client ::1:65276] PHP Fatal error:  Uncaught mysqli_sql_exception: No se puede establecer una conexi\xc3\xb3n ya que el equipo de destino deneg\xc3\xb3 expresamente dicha conexi\xc3\xb3n in C:\\Users\\jorge\\Documents\\Uni - 3ro\\SW\\xamppp\\htdocs\\AW-Grupo6\\docs\\Practica2\\Ejercicio02\\includes\\src\\BD.php:34\nStack trace:\n#0 C:\\Users\\jorge\\Documents\\Uni - 3ro\\SW\\xamppp\\htdocs\\AW-Grupo6\\docs\\Practica2\\Ejercicio02\\includes\\src\\BD.php(34): mysqli->__construct('localhost', 'usuario', Object(SensitiveParameterValue), 'beatstore')\n#1 C:\\Users\\jorge\\Documents\\Uni - 3ro\\SW\\xamppp\\htdocs\\AW-Grupo6\\docs\\Practica2\\Ejercicio02\\includes\\src\\Vinilos\\Vinilos.php(17): BD->getConexionBd()\n#2 C:\\Users\\jorge\\Documents\\Uni - 3ro\\SW\\xamppp\\htdocs\\AW-Grupo6\\docs\\Practica2\\Ejercicio02\\includes\\vistas\\helpers\\vinilos.php(11): Vinilo::buscaVinilos()\n#3 C:\\Users\\jorge\\Documents\\Uni - 3ro\\SW\\xamppp\\htdocs\\AW-Grupo6\\docs\\Practica2\\Ejercicio02\\catalogo.php(16): listaVinilos()\n#4 {main}\n  thrown in C:\\Users\\jorge\\Documents\\Uni - 3ro\\SW\\xamppp\\htdocs\\AW-Grupo6\\docs\\Practica2\\Ejercicio02\\includes\\src\\BD.php on line 34, referer: http://localhost/AW-Grupo6/docs/Practica2/Ejercicio02/top.php
[Fri Mar 17 15:53:30.151324 2023] [php:error] [pid 5832:tid 1856] [client ::1:65278] PHP Fatal error:  Uncaught mysqli_sql_exception: No se puede establecer una conexi\xc3\xb3n ya que el equipo de destino deneg\xc3\xb3 expresamente dicha conexi\xc3\xb3n in C:\\Users\\jorge\\Documents\\Uni - 3ro\\SW\\xamppp\\htdocs\\AW-Grupo6\\docs\\Practica2\\Ejercicio02\\includes\\src\\BD.php:34\nStack trace:\n#0 C:\\Users\\jorge\\Documents\\Uni - 3ro\\SW\\xamppp\\htdocs\\AW-Grupo6\\docs\\Practica2\\Ejercicio02\\includes\\src\\BD.php(34): mysqli->__construct('localhost', 'usuario', Object(SensitiveParameterValue), 'beatstore')\n#1 C:\\Users\\jorge\\Documents\\Uni - 3ro\\SW\\xamppp\\htdocs\\AW-Grupo6\\docs\\Practica2\\Ejercicio02\\includes\\src\\Vinilos\\Vinilos.php(17): BD->getConexionBd()\n#2 C:\\Users\\jorge\\Documents\\Uni - 3ro\\SW\\xamppp\\htdocs\\AW-Grupo6\\docs\\Practica2\\Ejercicio02\\includes\\vistas\\helpers\\vinilos.php(11): Vinilo::buscaVinilos()\n#3 C:\\Users\\jorge\\Documents\\Uni - 3ro\\SW\\xamppp\\htdocs\\AW-Grupo6\\docs\\Practica2\\Ejercicio02\\catalogo.php(16): listaVinilos()\n#4 {main}\n  thrown in C:\\Users\\jorge\\Documents\\Uni - 3ro\\SW\\xamppp\\htdocs\\AW-Grupo6\\docs\\Practica2\\Ejercicio02\\includes\\src\\BD.php on line 34, referer: http://localhost/AW-Grupo6/docs/Practica2/Ejercicio02/top.php
[Fri Mar 17 15:53:34.271831 2023] [php:error] [pid 5832:tid 1876] [client ::1:65280] PHP Fatal error:  Uncaught mysqli_sql_exception: No se puede establecer una conexi\xc3\xb3n ya que el equipo de destino deneg\xc3\xb3 expresamente dicha conexi\xc3\xb3n in C:\\Users\\jorge\\Documents\\Uni - 3ro\\SW\\xamppp\\htdocs\\AW-Grupo6\\docs\\Practica2\\Ejercicio02\\includes\\src\\BD.php:34\nStack trace:\n#0 C:\\Users\\jorge\\Documents\\Uni - 3ro\\SW\\xamppp\\htdocs\\AW-Grupo6\\docs\\Practica2\\Ejercicio02\\includes\\src\\BD.php(34): mysqli->__construct('localhost', 'usuario', Object(SensitiveParameterValue), 'beatstore')\n#1 C:\\Users\\jorge\\Documents\\Uni - 3ro\\SW\\xamppp\\htdocs\\AW-Grupo6\\docs\\Practica2\\Ejercicio02\\includes\\src\\Vinilos\\Vinilos.php(17): BD->getConexionBd()\n#2 C:\\Users\\jorge\\Documents\\Uni - 3ro\\SW\\xamppp\\htdocs\\AW-Grupo6\\docs\\Practica2\\Ejercicio02\\includes\\vistas\\helpers\\vinilos.php(11): Vinilo::buscaVinilos()\n#3 C:\\Users\\jorge\\Documents\\Uni - 3ro\\SW\\xamppp\\htdocs\\AW-Grupo6\\docs\\Practica2\\Ejercicio02\\catalogo.php(16): listaVinilos()\n#4 {main}\n  thrown in C:\\Users\\jorge\\Documents\\Uni - 3ro\\SW\\xamppp\\htdocs\\AW-Grupo6\\docs\\Practica2\\Ejercicio02\\includes\\src\\BD.php on line 34, referer: http://localhost/AW-Grupo6/docs/Practica2/Ejercicio02/top.php
[Fri Mar 17 15:53:34.272764 2023] [php:warn] [pid 5832:tid 1868] [client ::1:65282] PHP Warning:  Undefined array key "id" in C:\\Users\\jorge\\Documents\\Uni - 3ro\\SW\\xamppp\\htdocs\\AW-Grupo6\\docs\\Practica2\\Ejercicio02\\cesta.php on line 11, referer: http://localhost/AW-Grupo6/docs/Practica2/Ejercicio02/top.php
[Fri Mar 17 15:53:38.391498 2023] [php:error] [pid 5832:tid 1868] [client ::1:65282] PHP Fatal error:  Uncaught mysqli_sql_exception: No se puede establecer una conexi\xc3\xb3n ya que el equipo de destino deneg\xc3\xb3 expresamente dicha conexi\xc3\xb3n in C:\\Users\\jorge\\Documents\\Uni - 3ro\\SW\\xamppp\\htdocs\\AW-Grupo6\\docs\\Practica2\\Ejercicio02\\includes\\src\\BD.php:34\nStack trace:\n#0 C:\\Users\\jorge\\Documents\\Uni - 3ro\\SW\\xamppp\\htdocs\\AW-Grupo6\\docs\\Practica2\\Ejercicio02\\includes\\src\\BD.php(34): mysqli->__construct('localhost', 'usuario', Object(SensitiveParameterValue), 'beatstore')\n#1 C:\\Users\\jorge\\Documents\\Uni - 3ro\\SW\\xamppp\\htdocs\\AW-Grupo6\\docs\\Practica2\\Ejercicio02\\includes\\src\\Vinilos\\Vinilos.php(36): BD->getConexionBd()\n#2 C:\\Users\\jorge\\Documents\\Uni - 3ro\\SW\\xamppp\\htdocs\\AW-Grupo6\\docs\\Practica2\\Ejercicio02\\cesta.php(15): Vinilo::buscaPorId(NULL)\n#3 {main}\n  thrown in C:\\Users\\jorge\\Documents\\Uni - 3ro\\SW\\xamppp\\htdocs\\AW-Grupo6\\docs\\Practica2\\Ejercicio02\\includes\\src\\BD.php on line 34, referer: http://localhost/AW-Grupo6/docs/Practica2/Ejercicio02/top.php
[Fri Mar 17 15:53:48.307512 2023] [php:error] [pid 5832:tid 1868] [client ::1:65282] PHP Fatal error:  Uncaught mysqli_sql_exception: No se puede establecer una conexi\xc3\xb3n ya que el equipo de destino deneg\xc3\xb3 expresamente dicha conexi\xc3\xb3n in C:\\Users\\jorge\\Documents\\Uni - 3ro\\SW\\xamppp\\htdocs\\AW-Grupo6\\docs\\Practica2\\Ejercicio02\\includes\\src\\BD.php:34\nStack trace:\n#0 C:\\Users\\jorge\\Documents\\Uni - 3ro\\SW\\xamppp\\htdocs\\AW-Grupo6\\docs\\Practica2\\Ejercicio02\\includes\\src\\BD.php(34): mysqli->__construct('localhost', 'usuario', Object(SensitiveParameterValue), 'beatstore')\n#1 C:\\Users\\jorge\\Documents\\Uni - 3ro\\SW\\xamppp\\htdocs\\AW-Grupo6\\docs\\Practica2\\Ejercicio02\\includes\\src\\Vinilos\\Vinilos.php(17): BD->getConexionBd()\n#2 C:\\Users\\jorge\\Documents\\Uni - 3ro\\SW\\xamppp\\htdocs\\AW-Grupo6\\docs\\Practica2\\Ejercicio02\\includes\\vistas\\helpers\\vinilos.php(11): Vinilo::buscaVinilos()\n#3 C:\\Users\\jorge\\Documents\\Uni - 3ro\\SW\\xamppp\\htdocs\\AW-Grupo6\\docs\\Practica2\\Ejercicio02\\catalogo.php(16): listaVinilos()\n#4 {main}\n  thrown in C:\\Users\\jorge\\Documents\\Uni - 3ro\\SW\\xamppp\\htdocs\\AW-Grupo6\\docs\\Practica2\\Ejercicio02\\includes\\src\\BD.php on line 34, referer: http://localhost/AW-Grupo6/docs/Practica2/Ejercicio02/top.php
[Fri Mar 17 15:53:58.055330 2023] [php:warn] [pid 5832:tid 1868] [client ::1:65282] PHP Warning:  Undefined array key "id" in C:\\Users\\jorge\\Documents\\Uni - 3ro\\SW\\xamppp\\htdocs\\AW-Grupo6\\docs\\Practica2\\Ejercicio02\\cesta.php on line 11, referer: http://localhost/AW-Grupo6/docs/Practica2/Ejercicio02/login.php
[Fri Mar 17 15:54:02.147053 2023] [php:error] [pid 5832:tid 1868] [client ::1:65282] PHP Fatal error:  Uncaught mysqli_sql_exception: No se puede establecer una conexi\xc3\xb3n ya que el equipo de destino deneg\xc3\xb3 expresamente dicha conexi\xc3\xb3n in C:\\Users\\jorge\\Documents\\Uni - 3ro\\SW\\xamppp\\htdocs\\AW-Grupo6\\docs\\Practica2\\Ejercicio02\\includes\\src\\BD.php:34\nStack trace:\n#0 C:\\Users\\jorge\\Documents\\Uni - 3ro\\SW\\xamppp\\htdocs\\AW-Grupo6\\docs\\Practica2\\Ejercicio02\\includes\\src\\BD.php(34): mysqli->__construct('localhost', 'usuario', Object(SensitiveParameterValue), 'beatstore')\n#1 C:\\Users\\jorge\\Documents\\Uni - 3ro\\SW\\xamppp\\htdocs\\AW-Grupo6\\docs\\Practica2\\Ejercicio02\\includes\\src\\Vinilos\\Vinilos.php(36): BD->getConexionBd()\n#2 C:\\Users\\jorge\\Documents\\Uni - 3ro\\SW\\xamppp\\htdocs\\AW-Grupo6\\docs\\Practica2\\Ejercicio02\\cesta.php(15): Vinilo::buscaPorId(NULL)\n#3 {main}\n  thrown in C:\\Users\\jorge\\Documents\\Uni - 3ro\\SW\\xamppp\\htdocs\\AW-Grupo6\\docs\\Practica2\\Ejercicio02\\includes\\src\\BD.php on line 34, referer: http://localhost/AW-Grupo6/docs/Practica2/Ejercicio02/login.php
[Fri Mar 17 17:39:37.277081 2023] [php:warn] [pid 5832:tid 1876] [client ::1:51518] PHP Warning:  Undefined array key "id" in C:\\Users\\jorge\\Documents\\Uni - 3ro\\SW\\xamppp\\htdocs\\AW-Grupo6\\docs\\Practica2\\Ejercicio02\\cesta.php on line 11, referer: http://localhost/AW-Grupo6/docs/Practica2/Ejercicio02/login.php
[Fri Mar 17 17:39:41.383898 2023] [php:error] [pid 5832:tid 1876] [client ::1:51518] PHP Fatal error:  Uncaught mysqli_sql_exception: No se puede establecer una conexi\xc3\xb3n ya que el equipo de destino deneg\xc3\xb3 expresamente dicha conexi\xc3\xb3n in C:\\Users\\jorge\\Documents\\Uni - 3ro\\SW\\xamppp\\htdocs\\AW-Grupo6\\docs\\Practica2\\Ejercicio02\\includes\\src\\BD.php:34\nStack trace:\n#0 C:\\Users\\jorge\\Documents\\Uni - 3ro\\SW\\xamppp\\htdocs\\AW-Grupo6\\docs\\Practica2\\Ejercicio02\\includes\\src\\BD.php(34): mysqli->__construct('localhost', 'usuario', Object(SensitiveParameterValue), 'beatstore')\n#1 C:\\Users\\jorge\\Documents\\Uni - 3ro\\SW\\xamppp\\htdocs\\AW-Grupo6\\docs\\Practica2\\Ejercicio02\\includes\\src\\Vinilos\\Vinilos.php(36): BD->getConexionBd()\n#2 C:\\Users\\jorge\\Documents\\Uni - 3ro\\SW\\xamppp\\htdocs\\AW-Grupo6\\docs\\Practica2\\Ejercicio02\\cesta.php(15): Vinilo::buscaPorId(NULL)\n#3 {main}\n  thrown in C:\\Users\\jorge\\Documents\\Uni - 3ro\\SW\\xamppp\\htdocs\\AW-Grupo6\\docs\\Practica2\\Ejercicio02\\includes\\src\\BD.php on line 34, referer: http://localhost/AW-Grupo6/docs/Practica2/Ejercicio02/login.php
[Fri Mar 17 17:40:48.846027 2023] [php:error] [pid 5832:tid 1808] [client ::1:51616] PHP Fatal error:  Uncaught mysqli_sql_exception: No se puede establecer una conexi\xc3\xb3n ya que el equipo de destino deneg\xc3\xb3 expresamente dicha conexi\xc3\xb3n in C:\\Users\\jorge\\Documents\\Uni - 3ro\\SW\\xamppp\\htdocs\\AW-Grupo6\\docs\\Practica2\\Ejercicio02\\includes\\src\\BD.php:34\nStack trace:\n#0 C:\\Users\\jorge\\Documents\\Uni - 3ro\\SW\\xamppp\\htdocs\\AW-Grupo6\\docs\\Practica2\\Ejercicio02\\includes\\src\\BD.php(34): mysqli->__construct('localhost', 'usuario', Object(SensitiveParameterValue), 'beatstore')\n#1 C:\\Users\\jorge\\Documents\\Uni - 3ro\\SW\\xamppp\\htdocs\\AW-Grupo6\\docs\\Practica2\\Ejercicio02\\includes\\src\\Vinilos\\Vinilos.php(17): BD->getConexionBd()\n#2 C:\\Users\\jorge\\Documents\\Uni - 3ro\\SW\\xamppp\\htdocs\\AW-Grupo6\\docs\\Practica2\\Ejercicio02\\includes\\vistas\\helpers\\vinilos.php(11): Vinilo::buscaVinilos()\n#3 C:\\Users\\jorge\\Documents\\Uni - 3ro\\SW\\xamppp\\htdocs\\AW-Grupo6\\docs\\Practica2\\Ejercicio02\\catalogo.php(16): listaVinilos()\n#4 {main}\n  thrown in C:\\Users\\jorge\\Documents\\Uni - 3ro\\SW\\xamppp\\htdocs\\AW-Grupo6\\docs\\Practica2\\Ejercicio02\\includes\\src\\BD.php on line 34, referer: http://localhost/AW-Grupo6/docs/Practica2/Ejercicio02/login.php
[Fri Mar 17 17:40:58.557880 2023] [php:warn] [pid 5832:tid 1808] [client ::1:51616] PHP Warning:  Undefined array key "id" in C:\\Users\\jorge\\Documents\\Uni - 3ro\\SW\\xamppp\\htdocs\\AW-Grupo6\\docs\\Practica2\\Ejercicio02\\cesta.php on line 11, referer: http://localhost/AW-Grupo6/docs/Practica2/Ejercicio02/login.php
[Fri Mar 17 17:41:02.642045 2023] [php:error] [pid 5832:tid 1808] [client ::1:51616] PHP Fatal error:  Uncaught mysqli_sql_exception: No se puede establecer una conexi\xc3\xb3n ya que el equipo de destino deneg\xc3\xb3 expresamente dicha conexi\xc3\xb3n in C:\\Users\\jorge\\Documents\\Uni - 3ro\\SW\\xamppp\\htdocs\\AW-Grupo6\\docs\\Practica2\\Ejercicio02\\includes\\src\\BD.php:34\nStack trace:\n#0 C:\\Users\\jorge\\Documents\\Uni - 3ro\\SW\\xamppp\\htdocs\\AW-Grupo6\\docs\\Practica2\\Ejercicio02\\includes\\src\\BD.php(34): mysqli->__construct('localhost', 'usuario', Object(SensitiveParameterValue), 'beatstore')\n#1 C:\\Users\\jorge\\Documents\\Uni - 3ro\\SW\\xamppp\\htdocs\\AW-Grupo6\\docs\\Practica2\\Ejercicio02\\includes\\src\\Vinilos\\Vinilos.php(36): BD->getConexionBd()\n#2 C:\\Users\\jorge\\Documents\\Uni - 3ro\\SW\\xamppp\\htdocs\\AW-Grupo6\\docs\\Practica2\\Ejercicio02\\cesta.php(15): Vinilo::buscaPorId(NULL)\n#3 {main}\n  thrown in C:\\Users\\jorge\\Documents\\Uni - 3ro\\SW\\xamppp\\htdocs\\AW-Grupo6\\docs\\Practica2\\Ejercicio02\\includes\\src\\BD.php on line 34, referer: http://localhost/AW-Grupo6/docs/Practica2/Ejercicio02/login.php
[Fri Mar 17 22:01:41.567426 2023] [php:error] [pid 5832:tid 1772] [client ::1:52832] PHP Fatal error:  Uncaught mysqli_sql_exception: Access denied for user 'usuario'@'localhost' (using password: YES) in C:\\Users\\jorge\\Documents\\Uni - 3ro\\SW\\xamppp\\htdocs\\AW-Grupo6\\docs\\Practica2\\Ejercicio02\\includes\\src\\BD.php:34\nStack trace:\n#0 C:\\Users\\jorge\\Documents\\Uni - 3ro\\SW\\xamppp\\htdocs\\AW-Grupo6\\docs\\Practica2\\Ejercicio02\\includes\\src\\BD.php(34): mysqli->__construct('localhost', 'usuario', Object(SensitiveParameterValue), 'beatstore')\n#1 C:\\Users\\jorge\\Documents\\Uni - 3ro\\SW\\xamppp\\htdocs\\AW-Grupo6\\docs\\Practica2\\Ejercicio02\\includes\\src\\Vinilos\\Vinilos.php(17): BD->getConexionBd()\n#2 C:\\Users\\jorge\\Documents\\Uni - 3ro\\SW\\xamppp\\htdocs\\AW-Grupo6\\docs\\Practica2\\Ejercicio02\\includes\\vistas\\helpers\\vinilos.php(11): Vinilo::buscaVinilos()\n#3 C:\\Users\\jorge\\Documents\\Uni - 3ro\\SW\\xamppp\\htdocs\\AW-Grupo6\\docs\\Practica2\\Ejercicio02\\catalogo.php(15): listaVinilos()\n#4 {main}\n  thrown in C:\\Users\\jorge\\Documents\\Uni - 3ro\\SW\\xamppp\\htdocs\\AW-Grupo6\\docs\\Practica2\\Ejercicio02\\includes\\src\\BD.php on line 34, referer: http://localhost/AW-Grupo6/docs/Practica2/Ejercicio02/index.php
[Fri Mar 17 22:01:43.694481 2023] [php:error] [pid 5832:tid 1772] [client ::1:52832] PHP Fatal error:  Uncaught mysqli_sql_exception: Access denied for user 'usuario'@'localhost' (using password: YES) in C:\\Users\\jorge\\Documents\\Uni - 3ro\\SW\\xamppp\\htdocs\\AW-Grupo6\\docs\\Practica2\\Ejercicio02\\includes\\src\\BD.php:34\nStack trace:\n#0 C:\\Users\\jorge\\Documents\\Uni - 3ro\\SW\\xamppp\\htdocs\\AW-Grupo6\\docs\\Practica2\\Ejercicio02\\includes\\src\\BD.php(34): mysqli->__construct('localhost', 'usuario', Object(SensitiveParameterValue), 'beatstore')\n#1 C:\\Users\\jorge\\Documents\\Uni - 3ro\\SW\\xamppp\\htdocs\\AW-Grupo6\\docs\\Practica2\\Ejercicio02\\includes\\src\\Vinilos\\Vinilos.php(17): BD->getConexionBd()\n#2 C:\\Users\\jorge\\Documents\\Uni - 3ro\\SW\\xamppp\\htdocs\\AW-Grupo6\\docs\\Practica2\\Ejercicio02\\includes\\vistas\\helpers\\vinilos.php(11): Vinilo::buscaVinilos()\n#3 C:\\Users\\jorge\\Documents\\Uni - 3ro\\SW\\xamppp\\htdocs\\AW-Grupo6\\docs\\Practica2\\Ejercicio02\\top.php(9): listaVinilos()\n#4 {main}\n  thrown in C:\\Users\\jorge\\Documents\\Uni - 3ro\\SW\\xamppp\\htdocs\\AW-Grupo6\\docs\\Practica2\\Ejercicio02\\includes\\src\\BD.php on line 34, referer: http://localhost/AW-Grupo6/docs/Practica2/Ejercicio02/index.php
[Fri Mar 17 22:01:47.966301 2023] [php:warn] [pid 5832:tid 1772] [client ::1:52832] PHP Warning:  Undefined array key "id" in C:\\Users\\jorge\\Documents\\Uni - 3ro\\SW\\xamppp\\htdocs\\AW-Grupo6\\docs\\Practica2\\Ejercicio02\\cesta.php on line 11, referer: http://localhost/AW-Grupo6/docs/Practica2/Ejercicio02/login.php
[Fri Mar 17 22:02:32.263766 2023] [php:warn] [pid 5832:tid 1836] [client ::1:52834] PHP Warning:  Undefined array key "id" in C:\\Users\\jorge\\Documents\\Uni - 3ro\\SW\\xamppp\\htdocs\\AW-Grupo6\\docs\\Practica2\\Ejercicio02\\cesta.php on line 11, referer: http://localhost/AW-Grupo6/docs/Practica2/Ejercicio02/login.php
[Fri Mar 17 22:02:33.948439 2023] [php:error] [pid 5832:tid 1836] [client ::1:52834] PHP Fatal error:  Uncaught mysqli_sql_exception: Access denied for user 'usuario'@'localhost' (using password: YES) in C:\\Users\\jorge\\Documents\\Uni - 3ro\\SW\\xamppp\\htdocs\\AW-Grupo6\\docs\\Practica2\\Ejercicio02\\includes\\src\\BD.php:34\nStack trace:\n#0 C:\\Users\\jorge\\Documents\\Uni - 3ro\\SW\\xamppp\\htdocs\\AW-Grupo6\\docs\\Practica2\\Ejercicio02\\includes\\src\\BD.php(34): mysqli->__construct('localhost', 'usuario', Object(SensitiveParameterValue), 'beatstore')\n#1 C:\\Users\\jorge\\Documents\\Uni - 3ro\\SW\\xamppp\\htdocs\\AW-Grupo6\\docs\\Practica2\\Ejercicio02\\includes\\src\\Vinilos\\Vinilos.php(17): BD->getConexionBd()\n#2 C:\\Users\\jorge\\Documents\\Uni - 3ro\\SW\\xamppp\\htdocs\\AW-Grupo6\\docs\\Practica2\\Ejercicio02\\includes\\vistas\\helpers\\vinilos.php(11): Vinilo::buscaVinilos()\n#3 C:\\Users\\jorge\\Documents\\Uni - 3ro\\SW\\xamppp\\htdocs\\AW-Grupo6\\docs\\Practica2\\Ejercicio02\\catalogo.php(15): listaVinilos()\n#4 {main}\n  thrown in C:\\Users\\jorge\\Documents\\Uni - 3ro\\SW\\xamppp\\htdocs\\AW-Grupo6\\docs\\Practica2\\Ejercicio02\\includes\\src\\BD.php on line 34, referer: http://localhost/AW-Grupo6/docs/Practica2/Ejercicio02/cesta.php
[Fri Mar 17 22:02:35.338099 2023] [php:warn] [pid 5832:tid 1836] [client ::1:52834] PHP Warning:  Undefined array key "id" in C:\\Users\\jorge\\Documents\\Uni - 3ro\\SW\\xamppp\\htdocs\\AW-Grupo6\\docs\\Practica2\\Ejercicio02\\cesta.php on line 11, referer: http://localhost/AW-Grupo6/docs/Practica2/Ejercicio02/login.php
[Fri Mar 17 23:08:42.124695 2023] [php:warn] [pid 5832:tid 1320] [client ::1:54805] PHP Warning:  Undefined array key "id" in C:\\Users\\jorge\\Documents\\Uni - 3ro\\SW\\xamppp\\htdocs\\AW-Grupo6\\docs\\Practica2\\Ejercicio02\\cesta.php on line 11, referer: http://localhost/AW-Grupo6/docs/Practica2/Ejercicio02/login.php
[Fri Mar 17 23:08:44.136919 2023] [php:error] [pid 5832:tid 1320] [client ::1:54805] PHP Fatal error:  Uncaught mysqli_sql_exception: Access denied for user 'usuario'@'localhost' (using password: YES) in C:\\Users\\jorge\\Documents\\Uni - 3ro\\SW\\xamppp\\htdocs\\AW-Grupo6\\docs\\Practica2\\Ejercicio02\\includes\\src\\BD.php:34\nStack trace:\n#0 C:\\Users\\jorge\\Documents\\Uni - 3ro\\SW\\xamppp\\htdocs\\AW-Grupo6\\docs\\Practica2\\Ejercicio02\\includes\\src\\BD.php(34): mysqli->__construct('localhost', 'usuario', Object(SensitiveParameterValue), 'beatstore')\n#1 C:\\Users\\jorge\\Documents\\Uni - 3ro\\SW\\xamppp\\htdocs\\AW-Grupo6\\docs\\Practica2\\Ejercicio02\\includes\\src\\Vinilos\\Vinilos.php(17): BD->getConexionBd()\n#2 C:\\Users\\jorge\\Documents\\Uni - 3ro\\SW\\xamppp\\htdocs\\AW-Grupo6\\docs\\Practica2\\Ejercicio02\\includes\\vistas\\helpers\\vinilos.php(11): Vinilo::buscaVinilos()\n#3 C:\\Users\\jorge\\Documents\\Uni - 3ro\\SW\\xamppp\\htdocs\\AW-Grupo6\\docs\\Practica2\\Ejercicio02\\catalogo.php(15): listaVinilos()\n#4 {main}\n  thrown in C:\\Users\\jorge\\Documents\\Uni - 3ro\\SW\\xamppp\\htdocs\\AW-Grupo6\\docs\\Practica2\\Ejercicio02\\includes\\src\\BD.php on line 34, referer: http://localhost/AW-Grupo6/docs/Practica2/Ejercicio02/cesta.php
[Fri Mar 17 23:08:45.544016 2023] [php:warn] [pid 5832:tid 1320] [client ::1:54805] PHP Warning:  Undefined array key "id" in C:\\Users\\jorge\\Documents\\Uni - 3ro\\SW\\xamppp\\htdocs\\AW-Grupo6\\docs\\Practica2\\Ejercicio02\\cesta.php on line 11, referer: http://localhost/AW-Grupo6/docs/Practica2/Ejercicio02/login.php
[Fri Mar 17 23:08:46.368269 2023] [php:error] [pid 5832:tid 1320] [client ::1:54805] PHP Fatal error:  Uncaught mysqli_sql_exception: Access denied for user 'usuario'@'localhost' (using password: YES) in C:\\Users\\jorge\\Documents\\Uni - 3ro\\SW\\xamppp\\htdocs\\AW-Grupo6\\docs\\Practica2\\Ejercicio02\\includes\\src\\BD.php:34\nStack trace:\n#0 C:\\Users\\jorge\\Documents\\Uni - 3ro\\SW\\xamppp\\htdocs\\AW-Grupo6\\docs\\Practica2\\Ejercicio02\\includes\\src\\BD.php(34): mysqli->__construct('localhost', 'usuario', Object(SensitiveParameterValue), 'beatstore')\n#1 C:\\Users\\jorge\\Documents\\Uni - 3ro\\SW\\xamppp\\htdocs\\AW-Grupo6\\docs\\Practica2\\Ejercicio02\\includes\\src\\Vinilos\\Vinilos.php(17): BD->getConexionBd()\n#2 C:\\Users\\jorge\\Documents\\Uni - 3ro\\SW\\xamppp\\htdocs\\AW-Grupo6\\docs\\Practica2\\Ejercicio02\\includes\\vistas\\helpers\\vinilos.php(11): Vinilo::buscaVinilos()\n#3 C:\\Users\\jorge\\Documents\\Uni - 3ro\\SW\\xamppp\\htdocs\\AW-Grupo6\\docs\\Practica2\\Ejercicio02\\catalogo.php(15): listaVinilos()\n#4 {main}\n  thrown in C:\\Users\\jorge\\Documents\\Uni - 3ro\\SW\\xamppp\\htdocs\\AW-Grupo6\\docs\\Practica2\\Ejercicio02\\includes\\src\\BD.php on line 34, referer: http://localhost/AW-Grupo6/docs/Practica2/Ejercicio02/cesta.php
[Fri Mar 17 23:08:47.263615 2023] [php:warn] [pid 5832:tid 1320] [client ::1:54805] PHP Warning:  Undefined array key "id" in C:\\Users\\jorge\\Documents\\Uni - 3ro\\SW\\xamppp\\htdocs\\AW-Grupo6\\docs\\Practica2\\Ejercicio02\\cesta.php on line 11, referer: http://localhost/AW-Grupo6/docs/Practica2/Ejercicio02/login.php
[Fri Mar 17 23:08:50.349677 2023] [php:error] [pid 5832:tid 1320] [client ::1:54805] PHP Fatal error:  Uncaught mysqli_sql_exception: Access denied for user 'usuario'@'localhost' (using password: YES) in C:\\Users\\jorge\\Documents\\Uni - 3ro\\SW\\xamppp\\htdocs\\AW-Grupo6\\docs\\Practica2\\Ejercicio02\\includes\\src\\BD.php:34\nStack trace:\n#0 C:\\Users\\jorge\\Documents\\Uni - 3ro\\SW\\xamppp\\htdocs\\AW-Grupo6\\docs\\Practica2\\Ejercicio02\\includes\\src\\BD.php(34): mysqli->__construct('localhost', 'usuario', Object(SensitiveParameterValue), 'beatstore')\n#1 C:\\Users\\jorge\\Documents\\Uni - 3ro\\SW\\xamppp\\htdocs\\AW-Grupo6\\docs\\Practica2\\Ejercicio02\\includes\\src\\Vinilos\\Vinilos.php(17): BD->getConexionBd()\n#2 C:\\Users\\jorge\\Documents\\Uni - 3ro\\SW\\xamppp\\htdocs\\AW-Grupo6\\docs\\Practica2\\Ejercicio02\\includes\\vistas\\helpers\\vinilos.php(11): Vinilo::buscaVinilos()\n#3 C:\\Users\\jorge\\Documents\\Uni - 3ro\\SW\\xamppp\\htdocs\\AW-Grupo6\\docs\\Practica2\\Ejercicio02\\top.php(9): listaVinilos()\n#4 {main}\n  thrown in C:\\Users\\jorge\\Documents\\Uni - 3ro\\SW\\xamppp\\htdocs\\AW-Grupo6\\docs\\Practica2\\Ejercicio02\\includes\\src\\BD.php on line 34, referer: http://localhost/AW-Grupo6/docs/Practica2/Ejercicio02/login.php
[Fri Mar 17 23:08:53.741718 2023] [php:error] [pid 5832:tid 1320] [client ::1:54805] PHP Fatal error:  Uncaught mysqli_sql_exception: Access denied for user 'usuario'@'localhost' (using password: YES) in C:\\Users\\jorge\\Documents\\Uni - 3ro\\SW\\xamppp\\htdocs\\AW-Grupo6\\docs\\Practica2\\Ejercicio02\\includes\\src\\BD.php:34\nStack trace:\n#0 C:\\Users\\jorge\\Documents\\Uni - 3ro\\SW\\xamppp\\htdocs\\AW-Grupo6\\docs\\Practica2\\Ejercicio02\\includes\\src\\BD.php(34): mysqli->__construct('localhost', 'usuario', Object(SensitiveParameterValue), 'beatstore')\n#1 C:\\Users\\jorge\\Documents\\Uni - 3ro\\SW\\xamppp\\htdocs\\AW-Grupo6\\docs\\Practica2\\Ejercicio02\\includes\\src\\Vinilos\\Vinilos.php(17): BD->getConexionBd()\n#2 C:\\Users\\jorge\\Documents\\Uni - 3ro\\SW\\xamppp\\htdocs\\AW-Grupo6\\docs\\Practica2\\Ejercicio02\\includes\\vistas\\helpers\\vinilos.php(11): Vinilo::buscaVinilos()\n#3 C:\\Users\\jorge\\Documents\\Uni - 3ro\\SW\\xamppp\\htdocs\\AW-Grupo6\\docs\\Practica2\\Ejercicio02\\top.php(9): listaVinilos()\n#4 {main}\n  thrown in C:\\Users\\jorge\\Documents\\Uni - 3ro\\SW\\xamppp\\htdocs\\AW-Grupo6\\docs\\Practica2\\Ejercicio02\\includes\\src\\BD.php on line 34, referer: http://localhost/AW-Grupo6/docs/Practica2/Ejercicio02/ofertas.php
[Fri Mar 17 23:08:55.498682 2023] [php:error] [pid 5832:tid 1320] [client ::1:54805] PHP Fatal error:  Uncaught mysqli_sql_exception: Access denied for user 'usuario'@'localhost' (using password: YES) in C:\\Users\\jorge\\Documents\\Uni - 3ro\\SW\\xamppp\\htdocs\\AW-Grupo6\\docs\\Practica2\\Ejercicio02\\includes\\src\\BD.php:34\nStack trace:\n#0 C:\\Users\\jorge\\Documents\\Uni - 3ro\\SW\\xamppp\\htdocs\\AW-Grupo6\\docs\\Practica2\\Ejercicio02\\includes\\src\\BD.php(34): mysqli->__construct('localhost', 'usuario', Object(SensitiveParameterValue), 'beatstore')\n#1 C:\\Users\\jorge\\Documents\\Uni - 3ro\\SW\\xamppp\\htdocs\\AW-Grupo6\\docs\\Practica2\\Ejercicio02\\includes\\src\\Vinilos\\Vinilos.php(17): BD->getConexionBd()\n#2 C:\\Users\\jorge\\Documents\\Uni - 3ro\\SW\\xamppp\\htdocs\\AW-Grupo6\\docs\\Practica2\\Ejercicio02\\includes\\vistas\\helpers\\vinilos.php(11): Vinilo::buscaVinilos()\n#3 C:\\Users\\jorge\\Documents\\Uni - 3ro\\SW\\xamppp\\htdocs\\AW-Grupo6\\docs\\Practica2\\Ejercicio02\\catalogo.php(15): listaVinilos()\n#4 {main}\n  thrown in C:\\Users\\jorge\\Documents\\Uni - 3ro\\SW\\xamppp\\htdocs\\AW-Grupo6\\docs\\Practica2\\Ejercicio02\\includes\\src\\BD.php on line 34, referer: http://localhost/AW-Grupo6/docs/Practica2/Ejercicio02/ofertas.php
